#
# A fatal error has been detected by the Java Runtime Environment:
#
#  EXCEPTION_ACCESS_VIOLATION (0xc0000005) at pc=0x00007ffb59859a7a, pid=9552, tid=10236
#
# JRE version: OpenJDK Runtime Environment Corretto-15.0.2.7.1 (15.0.2+7) (build 15.0.2+7)
# Java VM: OpenJDK 64-Bit Server VM Corretto-15.0.2.7.1 (15.0.2+7, mixed mode, sharing, tiered, compressed oops, g1 gc, windows-amd64)
# Problematic frame:
# V  [jvm.dll+0x1b9a7a]
#
# No core dump will be written. Minidumps are not enabled by default on client versions of Windows
#
# If you would like to submit a bug report, please visit:
#   https://github.com/corretto/corretto-jdk/issues/
#

---------------  S U M M A R Y ------------

Command Line: -ea -javaagent:C:\Users\Fess\.m2\repository/org/aspectj/aspectjweaver/1.9.6/aspectjweaver-1.9.6.jar -Djlisteners -Didea.test.cyclic.buffer.size=1048576 -javaagent:C:\Program Files\JetBrains\IntelliJ IDEA Community Edition 2020.3.1\lib\idea_rt.jar=9356:C:\Program Files\JetBrains\IntelliJ IDEA Community Edition 2020.3.1\bin -Dfile.encoding=UTF-8 com.intellij.rt.testng.RemoteTestNGStarter -usedefaultlisteners false -socket9355 @w@C:\Users\Fess\AppData\Local\Temp\idea_working_dirs_testng.tmp -temp C:\Users\Fess\AppData\Local\Temp\idea_testng.tmp

Host: Intel(R) Core(TM) i7-3610QM CPU @ 2.30GHz, 8 cores, 7G,  Windows 10 , 64 bit Build 19041 (10.0.19041.1023)
Time: Mon Sep 20 01:41:08 2021 RTZ 2 (зима) elapsed time: 4.281634 seconds (0d 0h 0m 4s)

---------------  T H R E A D  ---------------

Current thread (0x0000021ddaf87470):  JavaThread "C2 CompilerThread0" daemon [_thread_in_native, id=10236, stack(0x000000bcac500000,0x000000bcac600000)]


Current CompileTask:
C2:   4281 2140       4       org.aspectj.weaver.ReferenceType::getDeclaredInterfaces (396 bytes)

Stack: [0x000000bcac500000,0x000000bcac600000],  sp=0x000000bcac5fb9d0,  free space=1006k
Native frames: (J=compiled Java code, j=interpreted, Vv=VM code, C=native code)
V  [jvm.dll+0x1b9a7a]
V  [jvm.dll+0x178704]
V  [jvm.dll+0x1d221d]
V  [jvm.dll+0x1d1578]
V  [jvm.dll+0x164597]
V  [jvm.dll+0x1e0454]
V  [jvm.dll+0x1de59b]
V  [jvm.dll+0x75c4ad]
V  [jvm.dll+0x7553aa]
V  [jvm.dll+0x5f6896]
C  [ucrtbase.dll+0x21bb2]
C  [KERNEL32.DLL+0x17034]
C  [ntdll.dll+0x52651]


siginfo: EXCEPTION_ACCESS_VIOLATION (0xc0000005), reading address 0x0000000000000068


Register to memory mapping:

RIP=0x00007ffb59859a7a jvm.dll
RAX=0x0 is NULL
RBX=0x000000bcac5fbfb0 is pointing into the stack for thread: 0x0000021ddaf87470
RCX=0x0000021ddb67dfb8 is pointing into metadata
RDX=0x0 is NULL
RSP=0x000000bcac5fb9d0 is pointing into the stack for thread: 0x0000021ddaf87470
RBP=0x000000bcac5fbb70 is pointing into the stack for thread: 0x0000021ddaf87470
RSI=0x0000021ddb67dfb8 is pointing into metadata
RDI=0x0000000000000001 is an unknown value
R8 =0x00000000000004aa is an unknown value
R9 =0x000000bcac5fbed0 is pointing into the stack for thread: 0x0000021ddaf87470
R10=0x0000021de02a1380 points into unknown readable memory: 0x0000021dddc70f78 | 78 0f c7 dd 1d 02 00 00
R11=0x0 is NULL
R12=0x0000021dddc70fe0 points into unknown readable memory: 0x00007ffb59f06b00 | 00 6b f0 59 fb 7f 00 00
R13=0x0000021ddf67d850 points into unknown readable memory: 0x00007ffb59ed1dc8 | c8 1d ed 59 fb 7f 00 00
R14=0x0000000000000001 is an unknown value
R15=0x00000000000004aa is an unknown value


Registers:
RAX=0x0000000000000000, RBX=0x000000bcac5fbfb0, RCX=0x0000021ddb67dfb8, RDX=0x0000000000000000
RSP=0x000000bcac5fb9d0, RBP=0x000000bcac5fbb70, RSI=0x0000021ddb67dfb8, RDI=0x0000000000000001
R8 =0x00000000000004aa, R9 =0x000000bcac5fbed0, R10=0x0000021de02a1380, R11=0x0000000000000000
R12=0x0000021dddc70fe0, R13=0x0000021ddf67d850, R14=0x0000000000000001, R15=0x00000000000004aa
RIP=0x00007ffb59859a7a, EFLAGS=0x0000000000010293

Top of Stack: (sp=0x000000bcac5fb9d0)
0x000000bcac5fb9d0:   0000000000000000 0000000000000000
0x000000bcac5fb9e0:   000000bcac5fbb70 0000021ddf68ce88
0x000000bcac5fb9f0:   0000021de0161d60 000000bcac5fba10
0x000000bcac5fba00:   000002a700000002 0000000000001196
0x000000bcac5fba10:   000000bc000011a0 0000021dddc70fe0
0x000000bcac5fba20:   0000000000000000 0000000000000000
0x000000bcac5fba30:   0000021ddb957ed0 0000021ddb957ee0
0x000000bcac5fba40:   00000000000003d8 0000021ddb9582b8
0x000000bcac5fba50:   0000000000000000 000000bcac5fbfb0
0x000000bcac5fba60:   000000bcac5fbb70 00007ffb59818704
0x000000bcac5fba70:   000000bcac5fbb70 000000bcac5fbed0
0x000000bcac5fba80:   0000021d00000004 0000021d000f423f
0x000000bcac5fba90:   0000000000010f00 0000000000000000
0x000000bcac5fbaa0:   000000bc00000006 0000021ddb957ed0
0x000000bcac5fbab0:   0000021ddd3b40a0 0000021ddd3b6d50
0x000000bcac5fbac0:   0000021ddd3bc088 000000000043f668 

Instructions: (pc=0x00007ffb59859a7a)
0x00007ffb5985997a:   04 91 4c 8b 4d 18 49 8b 4d 08 49 8d 99 e0 00 00
0x00007ffb5985998a:   00 48 8b 43 40 4c 8b f7 48 8b 34 f9 48 63 4e 28
0x00007ffb5985999a:   48 63 14 88 48 8b 43 20 8b 04 90 3b c2 74 13 48
0x00007ffb598599aa:   8b cb e8 2f 10 fc ff 48 63 56 28 48 8b 4b 40 89
0x00007ffb598599ba:   04 91 41 3b c7 0f 84 e8 02 00 00 8b 4e 2c 8b c1
0x00007ffb598599ca:   24 03 3c 02 0f 85 a0 00 00 00 0f b6 46 30 c0 e8
0x00007ffb598599da:   04 a8 01 0f 84 91 00 00 00 80 f9 82 0f 84 88 00
0x00007ffb598599ea:   00 00 48 8b ce e8 7c bc 36 00 84 c0 74 7c 48 8b
0x00007ffb598599fa:   ce e8 c0 bc 41 00 8b 94 24 b0 00 00 00 49 8d 4c
0x00007ffb59859a0a:   24 10 4c 8b c0 48 8b f8 e8 39 d4 41 00 41 ff 44
0x00007ffb59859a1a:   24 28 4c 8b ce 48 8b 5d 18 49 8b d4 8b 84 24 b0
0x00007ffb59859a2a:   00 00 00 ff c0 44 8b c0 89 84 24 b0 00 00 00 8b
0x00007ffb59859a3a:   8b e0 00 00 00 89 4c 24 40 48 8d 4c 24 40 48 89
0x00007ffb59859a4a:   4c 24 28 48 8b cb 48 89 7c 24 20 e8 16 05 fc ff
0x00007ffb59859a5a:   85 c0 7e 0a 8b 4c 24 40 89 8b e0 00 00 00 01 84
0x00007ffb59859a6a:   24 b0 00 00 00 e9 36 01 00 00 48 8b 06 48 8b ce
0x00007ffb59859a7a:   ff 50 68 85 c0 0f 84 df 05 00 00 83 f8 0d 0f 84
0x00007ffb59859a8a:   d6 05 00 00 8b d0 48 8b 45 10 48 8b 88 b8 07 00
0x00007ffb59859a9a:   00 8b 05 eb 2f 94 00 48 8b ac d1 98 0a 00 00 65
0x00007ffb59859aaa:   48 8b 14 25 58 00 00 00 b9 08 00 00 00 48 8b 04
0x00007ffb59859aba:   c2 48 8b 0c 01 48 8b 81 d0 04 00 00 48 8b 98 80
0x00007ffb59859aca:   00 00 00 48 81 c3 e0 01 00 00 48 8b 7b 18 48 83
0x00007ffb59859ada:   ff 97 76 18 4c 8d 05 e3 40 64 00 ba 68 00 00 00
0x00007ffb59859aea:   48 8b cb e8 ce 05 ee ff 48 8b 7b 18 48 8d 47 68
0x00007ffb59859afa:   48 3b 43 20 76 14 45 33 c0 48 8b cb 41 8d 50 68
0x00007ffb59859b0a:   e8 51 02 ee ff 48 8b f8 eb 04 48 89 43 18 48 85
0x00007ffb59859b1a:   ff 74 61 33 d2 48 8b cf e8 39 b2 41 00 48 8d 05
0x00007ffb59859b2a:   62 0f 6c 00 c6 47 38 00 33 db 48 89 07 89 5f 3c
0x00007ffb59859b3a:   48 8b ce 48 89 5f 40 c7 47 2c 02 00 00 00 48 89
0x00007ffb59859b4a:   6f 48 48 89 6f 50 48 8b 06 ff 50 28 66 83 4f 30
0x00007ffb59859b5a:   01 33 d2 48 8b cf 48 89 47 58 89 5f 60 c7 47 2c
0x00007ffb59859b6a:   12 00 00 00 e8 1d b8 41 00 48 8b d6 48 8b cf e8 


Stack slot to memory mapping:
stack at sp + 0 slots: 0x0 is NULL
stack at sp + 1 slots: 0x0 is NULL
stack at sp + 2 slots: 0x000000bcac5fbb70 is pointing into the stack for thread: 0x0000021ddaf87470
stack at sp + 3 slots: 0x0000021ddf68ce88 points into unknown readable memory: 0x00007ffb59eb6b18 | 18 6b eb 59 fb 7f 00 00
stack at sp + 4 slots: 0x0000021de0161d60 points into unknown readable memory: 0x00007ffb59eb6b18 | 18 6b eb 59 fb 7f 00 00
stack at sp + 5 slots: 0x000000bcac5fba10 is pointing into the stack for thread: 0x0000021ddaf87470
stack at sp + 6 slots: 0x000002a700000002 is an unknown value
stack at sp + 7 slots: 0x0000000000001196 is an unknown value


---------------  P R O C E S S  ---------------

Threads class SMR info:
_java_thread_list=0x0000021ddc7815e0, length=14, elements={
0x0000021dbc2662f0, 0x0000021ddaf61a20, 0x0000021ddaf62ca0, 0x0000021ddaf7d750,
0x0000021ddaf80120, 0x0000021ddaf82290, 0x0000021ddaf87470, 0x0000021ddaf8d350,
0x0000021ddaf8e4f0, 0x0000021dbc33aca0, 0x0000021ddc3f63a0, 0x0000021ddc56ded0,
0x0000021ddc56e3a0, 0x0000021ddc878f50
}

Java Threads: ( => current thread )
  0x0000021dbc2662f0 JavaThread "main" [_thread_in_vm, id=7064, stack(0x000000bcab900000,0x000000bcaba00000)]
  0x0000021ddaf61a20 JavaThread "Reference Handler" daemon [_thread_blocked, id=12696, stack(0x000000bcac000000,0x000000bcac100000)]
  0x0000021ddaf62ca0 JavaThread "Finalizer" daemon [_thread_blocked, id=988, stack(0x000000bcac100000,0x000000bcac200000)]
  0x0000021ddaf7d750 JavaThread "Signal Dispatcher" daemon [_thread_blocked, id=15512, stack(0x000000bcac200000,0x000000bcac300000)]
  0x0000021ddaf80120 JavaThread "Attach Listener" daemon [_thread_blocked, id=8204, stack(0x000000bcac300000,0x000000bcac400000)]
  0x0000021ddaf82290 JavaThread "Service Thread" daemon [_thread_blocked, id=12680, stack(0x000000bcac400000,0x000000bcac500000)]
=>0x0000021ddaf87470 JavaThread "C2 CompilerThread0" daemon [_thread_in_native, id=10236, stack(0x000000bcac500000,0x000000bcac600000)]
  0x0000021ddaf8d350 JavaThread "C1 CompilerThread0" daemon [_thread_blocked, id=12352, stack(0x000000bcac600000,0x000000bcac700000)]
  0x0000021ddaf8e4f0 JavaThread "Sweeper thread" daemon [_thread_blocked, id=9004, stack(0x000000bcac700000,0x000000bcac800000)]
  0x0000021dbc33aca0 JavaThread "Common-Cleaner" daemon [_thread_blocked, id=5872, stack(0x000000bcac800000,0x000000bcac900000)]
  0x0000021ddc3f63a0 JavaThread "C2 CompilerThread1" daemon [_thread_in_native, id=4368, stack(0x000000bcac900000,0x000000bcaca00000)]
  0x0000021ddc56ded0 JavaThread "Monitor Ctrl-Break" daemon [_thread_in_native, id=6504, stack(0x000000bcaca00000,0x000000bcacb00000)]
  0x0000021ddc56e3a0 JavaThread "Notification Thread" daemon [_thread_blocked, id=10748, stack(0x000000bcacb00000,0x000000bcacc00000)]
  0x0000021ddc878f50 JavaThread "C2 CompilerThread2" daemon [_thread_in_native, id=8180, stack(0x000000bcacf00000,0x000000bcad000000)]

Other Threads:
  0x0000021ddaf5faf0 VMThread "VM Thread" [stack: 0x000000bcabf00000,0x000000bcac000000] [id=13968]
  0x0000021ddc2811d0 WatcherThread [stack: 0x000000bcacc00000,0x000000bcacd00000] [id=11904]
  0x0000021dbc2a6a50 GCTaskThread "GC Thread#0" [stack: 0x000000bcaba00000,0x000000bcabb00000] [id=5104]
  0x0000021ddc3d80a0 GCTaskThread "GC Thread#1" [stack: 0x000000bcacd00000,0x000000bcace00000] [id=11708]
  0x0000021ddc3d8a30 GCTaskThread "GC Thread#2" [stack: 0x000000bcace00000,0x000000bcacf00000] [id=13596]
  0x0000021dbc2b75b0 ConcurrentGCThread "G1 Main Marker" [stack: 0x000000bcabb00000,0x000000bcabc00000] [id=11736]
  0x0000021dbc2b88f0 ConcurrentGCThread "G1 Conc#0" [stack: 0x000000bcabc00000,0x000000bcabd00000] [id=8084]
  0x0000021ddade0090 ConcurrentGCThread "G1 Refine#0" [stack: 0x000000bcabd00000,0x000000bcabe00000] [id=1048]
  0x0000021ddade0ba0 ConcurrentGCThread "G1 Young RemSet Sampling" [stack: 0x000000bcabe00000,0x000000bcabf00000] [id=15408]

Threads with active compile tasks:
C2 CompilerThread0     4361 2140       4       org.aspectj.weaver.ReferenceType::getDeclaredInterfaces (396 bytes)
C2 CompilerThread1     4361 2103       4       org.aspectj.weaver.bcel.BcelObjectType::getSuperclass (111 bytes)
C2 CompilerThread2     4361 2094   !   4       org.aspectj.weaver.ReferenceType::getSuperclass (170 bytes)

VM state: not at safepoint (normal execution)

VM Mutex/Monitor currently owned by a thread: None

Heap address: 0x0000000082800000, size: 2008 MB, Compressed Oops mode: 32-bit
CDS archive(s) mapped at: [0x0000000800000000-0x0000000800b50000-0x0000000800b50000), size 11862016, SharedBaseAddress: 0x0000000800000000, ArchiveRelocationMode: 0.
Compressed class space mapped at: 0x0000000800b50000-0x0000000840b50000, size: 1073741824
Narrow klass base: 0x0000000800000000, Narrow klass shift: 3, Narrow klass range: 0x100000000

GC Precious Log:
 CPUs: 8 total, 8 available
 Memory: 8030M
 Large Page Support: Disabled
 NUMA Support: Disabled
 Compressed Oops: Enabled (32-bit)
 Heap Region Size: 1M
 Heap Min Capacity: 8M
 Heap Initial Capacity: 126M
 Heap Max Capacity: 2008M
 Pre-touch: Disabled
 Parallel Workers: 8
 Concurrent Workers: 2
 Concurrent Refinement Workers: 8
 Periodic GC: Disabled

Heap:
 garbage-first heap   total 129024K, used 23060K [0x0000000082800000, 0x0000000100000000)
  region size 1024K, 6 young (6144K), 4 survivors (4096K)
 Metaspace       used 16015K, capacity 16240K, committed 16384K, reserved 1064960K
  class space    used 1478K, capacity 1531K, committed 1536K, reserved 1048576K

Heap Regions: E=young(eden), S=young(survivor), O=old, HS=humongous(starts), HC=humongous(continues), CS=collection set, F=free, OA=open archive, CA=closed archive, TAMS=top-at-mark-start (previous, next)
|   0|0x0000000082800000, 0x0000000082900000, 0x0000000082900000|100%| O|  |TAMS 0x0000000082800000, 0x0000000082800000| Untracked 
|   1|0x0000000082900000, 0x0000000082a00000, 0x0000000082a00000|100%| O|  |TAMS 0x0000000082900000, 0x0000000082900000| Untracked 
|   2|0x0000000082a00000, 0x0000000082b00000, 0x0000000082b00000|100%| O|  |TAMS 0x0000000082a00000, 0x0000000082a00000| Untracked 
|   3|0x0000000082b00000, 0x0000000082c00000, 0x0000000082c00000|100%| O|  |TAMS 0x0000000082b00000, 0x0000000082b00000| Untracked 
|   4|0x0000000082c00000, 0x0000000082d00000, 0x0000000082d00000|100%| O|  |TAMS 0x0000000082c00000, 0x0000000082c00000| Untracked 
|   5|0x0000000082d00000, 0x0000000082e00000, 0x0000000082e00000|100%| O|  |TAMS 0x0000000082d00000, 0x0000000082d00000| Untracked 
|   6|0x0000000082e00000, 0x0000000082f00000, 0x0000000082f00000|100%| O|  |TAMS 0x0000000082e00000, 0x0000000082e00000| Untracked 
|   7|0x0000000082f00000, 0x0000000083000000, 0x0000000083000000|100%| O|  |TAMS 0x0000000082f00000, 0x0000000082f00000| Untracked 
|   8|0x0000000083000000, 0x0000000083100000, 0x0000000083100000|100%| O|  |TAMS 0x0000000083000000, 0x0000000083000000| Untracked 
|   9|0x0000000083100000, 0x0000000083200000, 0x0000000083200000|100%| O|  |TAMS 0x0000000083100000, 0x0000000083100000| Untracked 
|  10|0x0000000083200000, 0x0000000083300000, 0x0000000083300000|100%| O|  |TAMS 0x0000000083200000, 0x0000000083200000| Untracked 
|  11|0x0000000083300000, 0x0000000083400000, 0x0000000083400000|100%| O|  |TAMS 0x0000000083300000, 0x0000000083300000| Untracked 
|  12|0x0000000083400000, 0x0000000083500000, 0x0000000083500000|100%| O|  |TAMS 0x0000000083400000, 0x0000000083400000| Untracked 
|  13|0x0000000083500000, 0x0000000083600000, 0x0000000083600000|100%| O|  |TAMS 0x0000000083500000, 0x0000000083500000| Untracked 
|  14|0x0000000083600000, 0x0000000083700000, 0x0000000083700000|100%| O|  |TAMS 0x0000000083600000, 0x0000000083600000| Untracked 
|  15|0x0000000083700000, 0x0000000083800000, 0x0000000083800000|100%| O|  |TAMS 0x0000000083700000, 0x0000000083700000| Untracked 
|  16|0x0000000083800000, 0x0000000083900000, 0x0000000083900000|100%| O|  |TAMS 0x0000000083800000, 0x0000000083800000| Untracked 
|  17|0x0000000083900000, 0x00000000839cfe00, 0x0000000083a00000| 81%| O|  |TAMS 0x0000000083900000, 0x0000000083900000| Untracked 
|  18|0x0000000083a00000, 0x0000000083a00000, 0x0000000083b00000|  0%| F|  |TAMS 0x0000000083a00000, 0x0000000083a00000| Untracked 
|  19|0x0000000083b00000, 0x0000000083b00000, 0x0000000083c00000|  0%| F|  |TAMS 0x0000000083b00000, 0x0000000083b00000| Untracked 
|  20|0x0000000083c00000, 0x0000000083c00000, 0x0000000083d00000|  0%| F|  |TAMS 0x0000000083c00000, 0x0000000083c00000| Untracked 
|  21|0x0000000083d00000, 0x0000000083d00000, 0x0000000083e00000|  0%| F|  |TAMS 0x0000000083d00000, 0x0000000083d00000| Untracked 
|  22|0x0000000083e00000, 0x0000000083e00000, 0x0000000083f00000|  0%| F|  |TAMS 0x0000000083e00000, 0x0000000083e00000| Untracked 
|  23|0x0000000083f00000, 0x0000000083f00000, 0x0000000084000000|  0%| F|  |TAMS 0x0000000083f00000, 0x0000000083f00000| Untracked 
|  24|0x0000000084000000, 0x0000000084000000, 0x0000000084100000|  0%| F|  |TAMS 0x0000000084000000, 0x0000000084000000| Untracked 
|  25|0x0000000084100000, 0x0000000084100000, 0x0000000084200000|  0%| F|  |TAMS 0x0000000084100000, 0x0000000084100000| Untracked 
|  26|0x0000000084200000, 0x0000000084200000, 0x0000000084300000|  0%| F|  |TAMS 0x0000000084200000, 0x0000000084200000| Untracked 
|  27|0x0000000084300000, 0x0000000084300000, 0x0000000084400000|  0%| F|  |TAMS 0x0000000084300000, 0x0000000084300000| Untracked 
|  28|0x0000000084400000, 0x0000000084400000, 0x0000000084500000|  0%| F|  |TAMS 0x0000000084400000, 0x0000000084400000| Untracked 
|  29|0x0000000084500000, 0x0000000084500000, 0x0000000084600000|  0%| F|  |TAMS 0x0000000084500000, 0x0000000084500000| Untracked 
|  30|0x0000000084600000, 0x0000000084600000, 0x0000000084700000|  0%| F|  |TAMS 0x0000000084600000, 0x0000000084600000| Untracked 
|  31|0x0000000084700000, 0x0000000084700000, 0x0000000084800000|  0%| F|  |TAMS 0x0000000084700000, 0x0000000084700000| Untracked 
|  32|0x0000000084800000, 0x0000000084800000, 0x0000000084900000|  0%| F|  |TAMS 0x0000000084800000, 0x0000000084800000| Untracked 
|  33|0x0000000084900000, 0x0000000084900000, 0x0000000084a00000|  0%| F|  |TAMS 0x0000000084900000, 0x0000000084900000| Untracked 
|  34|0x0000000084a00000, 0x0000000084a00000, 0x0000000084b00000|  0%| F|  |TAMS 0x0000000084a00000, 0x0000000084a00000| Untracked 
|  35|0x0000000084b00000, 0x0000000084b00000, 0x0000000084c00000|  0%| F|  |TAMS 0x0000000084b00000, 0x0000000084b00000| Untracked 
|  36|0x0000000084c00000, 0x0000000084c00000, 0x0000000084d00000|  0%| F|  |TAMS 0x0000000084c00000, 0x0000000084c00000| Untracked 
|  37|0x0000000084d00000, 0x0000000084d00000, 0x0000000084e00000|  0%| F|  |TAMS 0x0000000084d00000, 0x0000000084d00000| Untracked 
|  38|0x0000000084e00000, 0x0000000084e00000, 0x0000000084f00000|  0%| F|  |TAMS 0x0000000084e00000, 0x0000000084e00000| Untracked 
|  39|0x0000000084f00000, 0x0000000084f00000, 0x0000000085000000|  0%| F|  |TAMS 0x0000000084f00000, 0x0000000084f00000| Untracked 
|  40|0x0000000085000000, 0x0000000085000000, 0x0000000085100000|  0%| F|  |TAMS 0x0000000085000000, 0x0000000085000000| Untracked 
|  41|0x0000000085100000, 0x0000000085100000, 0x0000000085200000|  0%| F|  |TAMS 0x0000000085100000, 0x0000000085100000| Untracked 
|  42|0x0000000085200000, 0x0000000085200000, 0x0000000085300000|  0%| F|  |TAMS 0x0000000085200000, 0x0000000085200000| Untracked 
|  43|0x0000000085300000, 0x0000000085300000, 0x0000000085400000|  0%| F|  |TAMS 0x0000000085300000, 0x0000000085300000| Untracked 
|  44|0x0000000085400000, 0x0000000085400000, 0x0000000085500000|  0%| F|  |TAMS 0x0000000085400000, 0x0000000085400000| Untracked 
|  45|0x0000000085500000, 0x0000000085500000, 0x0000000085600000|  0%| F|  |TAMS 0x0000000085500000, 0x0000000085500000| Untracked 
|  46|0x0000000085600000, 0x0000000085600000, 0x0000000085700000|  0%| F|  |TAMS 0x0000000085600000, 0x0000000085600000| Untracked 
|  47|0x0000000085700000, 0x0000000085700000, 0x0000000085800000|  0%| F|  |TAMS 0x0000000085700000, 0x0000000085700000| Untracked 
|  48|0x0000000085800000, 0x0000000085800000, 0x0000000085900000|  0%| F|  |TAMS 0x0000000085800000, 0x0000000085800000| Untracked 
|  49|0x0000000085900000, 0x0000000085900000, 0x0000000085a00000|  0%| F|  |TAMS 0x0000000085900000, 0x0000000085900000| Untracked 
|  50|0x0000000085a00000, 0x0000000085a00000, 0x0000000085b00000|  0%| F|  |TAMS 0x0000000085a00000, 0x0000000085a00000| Untracked 
|  51|0x0000000085b00000, 0x0000000085b00000, 0x0000000085c00000|  0%| F|  |TAMS 0x0000000085b00000, 0x0000000085b00000| Untracked 
|  52|0x0000000085c00000, 0x0000000085c00000, 0x0000000085d00000|  0%| F|  |TAMS 0x0000000085c00000, 0x0000000085c00000| Untracked 
|  53|0x0000000085d00000, 0x0000000085d00000, 0x0000000085e00000|  0%| F|  |TAMS 0x0000000085d00000, 0x0000000085d00000| Untracked 
|  54|0x0000000085e00000, 0x0000000085e00000, 0x0000000085f00000|  0%| F|  |TAMS 0x0000000085e00000, 0x0000000085e00000| Untracked 
|  55|0x0000000085f00000, 0x0000000085f00000, 0x0000000086000000|  0%| F|  |TAMS 0x0000000085f00000, 0x0000000085f00000| Untracked 
|  56|0x0000000086000000, 0x0000000086000000, 0x0000000086100000|  0%| F|  |TAMS 0x0000000086000000, 0x0000000086000000| Untracked 
|  57|0x0000000086100000, 0x0000000086100000, 0x0000000086200000|  0%| F|  |TAMS 0x0000000086100000, 0x0000000086100000| Untracked 
|  58|0x0000000086200000, 0x0000000086200000, 0x0000000086300000|  0%| F|  |TAMS 0x0000000086200000, 0x0000000086200000| Untracked 
|  59|0x0000000086300000, 0x0000000086300000, 0x0000000086400000|  0%| F|  |TAMS 0x0000000086300000, 0x0000000086300000| Untracked 
|  60|0x0000000086400000, 0x0000000086400000, 0x0000000086500000|  0%| F|  |TAMS 0x0000000086400000, 0x0000000086400000| Untracked 
|  61|0x0000000086500000, 0x0000000086500000, 0x0000000086600000|  0%| F|  |TAMS 0x0000000086500000, 0x0000000086500000| Untracked 
|  62|0x0000000086600000, 0x0000000086600000, 0x0000000086700000|  0%| F|  |TAMS 0x0000000086600000, 0x0000000086600000| Untracked 
|  63|0x0000000086700000, 0x0000000086700000, 0x0000000086800000|  0%| F|  |TAMS 0x0000000086700000, 0x0000000086700000| Untracked 
|  64|0x0000000086800000, 0x0000000086800000, 0x0000000086900000|  0%| F|  |TAMS 0x0000000086800000, 0x0000000086800000| Untracked 
|  65|0x0000000086900000, 0x0000000086900000, 0x0000000086a00000|  0%| F|  |TAMS 0x0000000086900000, 0x0000000086900000| Untracked 
|  66|0x0000000086a00000, 0x0000000086ab54e0, 0x0000000086b00000| 70%| S|CS|TAMS 0x0000000086a00000, 0x0000000086a00000| Complete 
|  67|0x0000000086b00000, 0x0000000086c00000, 0x0000000086c00000|100%| S|CS|TAMS 0x0000000086b00000, 0x0000000086b00000| Complete 
|  68|0x0000000086c00000, 0x0000000086d00000, 0x0000000086d00000|100%| S|CS|TAMS 0x0000000086c00000, 0x0000000086c00000| Complete 
|  69|0x0000000086d00000, 0x0000000086e00000, 0x0000000086e00000|100%| S|CS|TAMS 0x0000000086d00000, 0x0000000086d00000| Complete 
|  70|0x0000000086e00000, 0x0000000086e00000, 0x0000000086f00000|  0%| F|  |TAMS 0x0000000086e00000, 0x0000000086e00000| Untracked 
|  71|0x0000000086f00000, 0x0000000086f00000, 0x0000000087000000|  0%| F|  |TAMS 0x0000000086f00000, 0x0000000086f00000| Untracked 
|  72|0x0000000087000000, 0x0000000087000000, 0x0000000087100000|  0%| F|  |TAMS 0x0000000087000000, 0x0000000087000000| Untracked 
|  73|0x0000000087100000, 0x0000000087100000, 0x0000000087200000|  0%| F|  |TAMS 0x0000000087100000, 0x0000000087100000| Untracked 
|  74|0x0000000087200000, 0x0000000087200000, 0x0000000087300000|  0%| F|  |TAMS 0x0000000087200000, 0x0000000087200000| Untracked 
|  75|0x0000000087300000, 0x0000000087300000, 0x0000000087400000|  0%| F|  |TAMS 0x0000000087300000, 0x0000000087300000| Untracked 
|  76|0x0000000087400000, 0x0000000087400000, 0x0000000087500000|  0%| F|  |TAMS 0x0000000087400000, 0x0000000087400000| Untracked 
|  77|0x0000000087500000, 0x0000000087500000, 0x0000000087600000|  0%| F|  |TAMS 0x0000000087500000, 0x0000000087500000| Untracked 
|  78|0x0000000087600000, 0x0000000087600000, 0x0000000087700000|  0%| F|  |TAMS 0x0000000087600000, 0x0000000087600000| Untracked 
|  79|0x0000000087700000, 0x0000000087700000, 0x0000000087800000|  0%| F|  |TAMS 0x0000000087700000, 0x0000000087700000| Untracked 
|  80|0x0000000087800000, 0x0000000087800000, 0x0000000087900000|  0%| F|  |TAMS 0x0000000087800000, 0x0000000087800000| Untracked 
|  81|0x0000000087900000, 0x0000000087900000, 0x0000000087a00000|  0%| F|  |TAMS 0x0000000087900000, 0x0000000087900000| Untracked 
|  82|0x0000000087a00000, 0x0000000087a00000, 0x0000000087b00000|  0%| F|  |TAMS 0x0000000087a00000, 0x0000000087a00000| Untracked 
|  83|0x0000000087b00000, 0x0000000087b00000, 0x0000000087c00000|  0%| F|  |TAMS 0x0000000087b00000, 0x0000000087b00000| Untracked 
|  84|0x0000000087c00000, 0x0000000087c00000, 0x0000000087d00000|  0%| F|  |TAMS 0x0000000087c00000, 0x0000000087c00000| Untracked 
|  85|0x0000000087d00000, 0x0000000087d00000, 0x0000000087e00000|  0%| F|  |TAMS 0x0000000087d00000, 0x0000000087d00000| Untracked 
|  86|0x0000000087e00000, 0x0000000087e00000, 0x0000000087f00000|  0%| F|  |TAMS 0x0000000087e00000, 0x0000000087e00000| Untracked 
|  87|0x0000000087f00000, 0x0000000087f00000, 0x0000000088000000|  0%| F|  |TAMS 0x0000000087f00000, 0x0000000087f00000| Untracked 
|  88|0x0000000088000000, 0x0000000088000000, 0x0000000088100000|  0%| F|  |TAMS 0x0000000088000000, 0x0000000088000000| Untracked 
|  89|0x0000000088100000, 0x0000000088100000, 0x0000000088200000|  0%| F|  |TAMS 0x0000000088100000, 0x0000000088100000| Untracked 
|  90|0x0000000088200000, 0x0000000088200000, 0x0000000088300000|  0%| F|  |TAMS 0x0000000088200000, 0x0000000088200000| Untracked 
|  91|0x0000000088300000, 0x0000000088300000, 0x0000000088400000|  0%| F|  |TAMS 0x0000000088300000, 0x0000000088300000| Untracked 
|  92|0x0000000088400000, 0x0000000088400000, 0x0000000088500000|  0%| F|  |TAMS 0x0000000088400000, 0x0000000088400000| Untracked 
|  93|0x0000000088500000, 0x0000000088500000, 0x0000000088600000|  0%| F|  |TAMS 0x0000000088500000, 0x0000000088500000| Untracked 
|  94|0x0000000088600000, 0x0000000088600000, 0x0000000088700000|  0%| F|  |TAMS 0x0000000088600000, 0x0000000088600000| Untracked 
|  95|0x0000000088700000, 0x0000000088700000, 0x0000000088800000|  0%| F|  |TAMS 0x0000000088700000, 0x0000000088700000| Untracked 
|  96|0x0000000088800000, 0x0000000088800000, 0x0000000088900000|  0%| F|  |TAMS 0x0000000088800000, 0x0000000088800000| Untracked 
|  97|0x0000000088900000, 0x0000000088900000, 0x0000000088a00000|  0%| F|  |TAMS 0x0000000088900000, 0x0000000088900000| Untracked 
|  98|0x0000000088a00000, 0x0000000088a00000, 0x0000000088b00000|  0%| F|  |TAMS 0x0000000088a00000, 0x0000000088a00000| Untracked 
|  99|0x0000000088b00000, 0x0000000088b00000, 0x0000000088c00000|  0%| F|  |TAMS 0x0000000088b00000, 0x0000000088b00000| Untracked 
| 100|0x0000000088c00000, 0x0000000088c00000, 0x0000000088d00000|  0%| F|  |TAMS 0x0000000088c00000, 0x0000000088c00000| Untracked 
| 101|0x0000000088d00000, 0x0000000088d00000, 0x0000000088e00000|  0%| F|  |TAMS 0x0000000088d00000, 0x0000000088d00000| Untracked 
| 102|0x0000000088e00000, 0x0000000088e00000, 0x0000000088f00000|  0%| F|  |TAMS 0x0000000088e00000, 0x0000000088e00000| Untracked 
| 103|0x0000000088f00000, 0x0000000088f00000, 0x0000000089000000|  0%| F|  |TAMS 0x0000000088f00000, 0x0000000088f00000| Untracked 
| 104|0x0000000089000000, 0x0000000089000000, 0x0000000089100000|  0%| F|  |TAMS 0x0000000089000000, 0x0000000089000000| Untracked 
| 105|0x0000000089100000, 0x0000000089100000, 0x0000000089200000|  0%| F|  |TAMS 0x0000000089100000, 0x0000000089100000| Untracked 
| 106|0x0000000089200000, 0x0000000089200000, 0x0000000089300000|  0%| F|  |TAMS 0x0000000089200000, 0x0000000089200000| Untracked 
| 107|0x0000000089300000, 0x0000000089300000, 0x0000000089400000|  0%| F|  |TAMS 0x0000000089300000, 0x0000000089300000| Untracked 
| 108|0x0000000089400000, 0x0000000089400000, 0x0000000089500000|  0%| F|  |TAMS 0x0000000089400000, 0x0000000089400000| Untracked 
| 109|0x0000000089500000, 0x0000000089500000, 0x0000000089600000|  0%| F|  |TAMS 0x0000000089500000, 0x0000000089500000| Untracked 
| 110|0x0000000089600000, 0x0000000089600000, 0x0000000089700000|  0%| F|  |TAMS 0x0000000089600000, 0x0000000089600000| Untracked 
| 111|0x0000000089700000, 0x0000000089700000, 0x0000000089800000|  0%| F|  |TAMS 0x0000000089700000, 0x0000000089700000| Untracked 
| 112|0x0000000089800000, 0x0000000089800000, 0x0000000089900000|  0%| F|  |TAMS 0x0000000089800000, 0x0000000089800000| Untracked 
| 113|0x0000000089900000, 0x0000000089900000, 0x0000000089a00000|  0%| F|  |TAMS 0x0000000089900000, 0x0000000089900000| Untracked 
| 114|0x0000000089a00000, 0x0000000089a00000, 0x0000000089b00000|  0%| F|  |TAMS 0x0000000089a00000, 0x0000000089a00000| Untracked 
| 115|0x0000000089b00000, 0x0000000089b00000, 0x0000000089c00000|  0%| F|  |TAMS 0x0000000089b00000, 0x0000000089b00000| Untracked 
| 116|0x0000000089c00000, 0x0000000089c00000, 0x0000000089d00000|  0%| F|  |TAMS 0x0000000089c00000, 0x0000000089c00000| Untracked 
| 117|0x0000000089d00000, 0x0000000089d00000, 0x0000000089e00000|  0%| F|  |TAMS 0x0000000089d00000, 0x0000000089d00000| Untracked 
| 118|0x0000000089e00000, 0x0000000089e00000, 0x0000000089f00000|  0%| F|  |TAMS 0x0000000089e00000, 0x0000000089e00000| Untracked 
| 119|0x0000000089f00000, 0x0000000089f00000, 0x000000008a000000|  0%| F|  |TAMS 0x0000000089f00000, 0x0000000089f00000| Untracked 
| 120|0x000000008a000000, 0x000000008a000000, 0x000000008a100000|  0%| F|  |TAMS 0x000000008a000000, 0x000000008a000000| Untracked 
| 121|0x000000008a100000, 0x000000008a100000, 0x000000008a200000|  0%| F|  |TAMS 0x000000008a100000, 0x000000008a100000| Untracked 
| 122|0x000000008a200000, 0x000000008a200000, 0x000000008a300000|  0%| F|  |TAMS 0x000000008a200000, 0x000000008a200000| Untracked 
| 123|0x000000008a300000, 0x000000008a300000, 0x000000008a400000|  0%| F|  |TAMS 0x000000008a300000, 0x000000008a300000| Untracked 
| 124|0x000000008a400000, 0x000000008a480800, 0x000000008a500000| 50%| E|  |TAMS 0x000000008a400000, 0x000000008a400000| Complete 
| 125|0x000000008a500000, 0x000000008a600000, 0x000000008a600000|100%| E|CS|TAMS 0x000000008a500000, 0x000000008a500000| Complete 

Card table byte_map: [0x0000021dd3e90000,0x0000021dd4280000] _byte_map_base: 0x0000021dd3a7c000

Marking Bits (Prev, Next): (CMBitMap*) 0x0000021dbc2a7150, (CMBitMap*) 0x0000021dbc2a7190
 Prev Bits: [0x0000021dd4670000, 0x0000021dd65d0000)
 Next Bits: [0x0000021dd65d0000, 0x0000021dd8530000)

Polling page: 0x0000021dba230000

Metaspace:

Usage:
  Non-class:     14.36 MB capacity,    14.21 MB ( 99%) used,   146.07 KB ( <1%) free+waste,    15.94 KB ( <1%) overhead. 
      Class:      1.50 MB capacity,     1.45 MB ( 97%) used,    45.98 KB (  3%) free+waste,     5.25 KB ( <1%) overhead. 
       Both:     15.86 MB capacity,    15.65 MB ( 99%) used,   192.05 KB (  1%) free+waste,    21.19 KB ( <1%) overhead. 

Virtual space:
  Non-class space:       16.00 MB reserved,      14.50 MB ( 91%) committed 
      Class space:        1.00 GB reserved,       1.50 MB ( <1%) committed 
             Both:        1.02 GB reserved,      16.00 MB (  2%) committed 

Chunk freelists:
   Non-Class:  11.00 KB
       Class:  5.00 KB
        Both:  16.00 KB

MaxMetaspaceSize: 17179869184.00 GB
CompressedClassSpaceSize: 1.00 GB

CodeHeap 'non-profiled nmethods': size=120000Kb used=1327Kb max_used=1327Kb free=118672Kb
 bounds [0x0000021dcc240000, 0x0000021dcc4b0000, 0x0000021dd3770000]
CodeHeap 'profiled nmethods': size=120000Kb used=5670Kb max_used=5670Kb free=114329Kb
 bounds [0x0000021dc4d10000, 0x0000021dc52a0000, 0x0000021dcc240000]
CodeHeap 'non-nmethods': size=5760Kb used=1195Kb max_used=1240Kb free=4565Kb
 bounds [0x0000021dc4770000, 0x0000021dc49e0000, 0x0000021dc4d10000]
 total_blobs=2764 nmethods=2309 adapters=367
 compilation: enabled
              stopped_count=0, restarted_count=0
 full_count=0

Compilation events (20 events):
Event: 4.253 Thread 0x0000021ddaf8d350 nmethod 2279 0x0000021dc527c610 code [0x0000021dc527c820, 0x0000021dc527cf28]
Event: 4.253 Thread 0x0000021ddaf8d350 2281       1       org.testng.internal.ConstructorOrMethod::getMethod (5 bytes)
Event: 4.253 Thread 0x0000021ddaf8d350 nmethod 2281 0x0000021dcc389610 code [0x0000021dcc3897a0, 0x0000021dcc389858]
Event: 4.253 Thread 0x0000021ddaf8d350 2282       3       org.testng.internal.collections.Pair::<init> (15 bytes)
Event: 4.253 Thread 0x0000021ddaf8d350 nmethod 2282 0x0000021dc527d190 code [0x0000021dc527d340, 0x0000021dc527d558]
Event: 4.255 Thread 0x0000021ddaf8d350 2283       1       java.util.stream.ReferencePipeline$StatelessOp::opIsStateful (2 bytes)
Event: 4.255 Thread 0x0000021ddaf8d350 nmethod 2283 0x0000021dcc389910 code [0x0000021dcc389aa0, 0x0000021dcc389b58]
Event: 4.255 Thread 0x0000021ddaf8d350 2284       3       org.testng.internal.annotations.JDK15AnnotationFinder::findAnnotation (86 bytes)
Event: 4.257 Thread 0x0000021ddaf8d350 nmethod 2284 0x0000021dc527d610 code [0x0000021dc527d8e0, 0x0000021dc527e608]
Event: 4.257 Thread 0x0000021ddaf8d350 2285   !   3       org.testng.internal.annotations.AnnotationHelper::getAnnotationFromMethod (113 bytes)
Event: 4.260 Thread 0x0000021ddaf8d350 nmethod 2285 0x0000021dc527eb10 code [0x0000021dc527ef60, 0x0000021dc52809d8]
Event: 4.271 Thread 0x0000021ddaf8d350 2286       3       java.lang.invoke.TypeConvertingMethodAdapter::cast (42 bytes)
Event: 4.271 Thread 0x0000021ddaf8d350 nmethod 2286 0x0000021dc5281510 code [0x0000021dc5281700, 0x0000021dc5281b88]
Event: 4.271 Thread 0x0000021ddaf8d350 2287       3       java.lang.invoke.MemberName$Factory::resolveOrFail (53 bytes)
Event: 4.272 Thread 0x0000021ddaf8d350 nmethod 2287 0x0000021dc5281d10 code [0x0000021dc5281f20, 0x0000021dc5282618]
Event: 4.276 Thread 0x0000021ddaf8d350 2288       1       org.testng.internal.ConstructorOrMethod::getConstructor (5 bytes)
Event: 4.276 Thread 0x0000021ddaf8d350 nmethod 2288 0x0000021dcc389c10 code [0x0000021dcc389da0, 0x0000021dcc389e58]
Event: 4.276 Thread 0x0000021ddaf8d350 2290       3       org.testng.internal.annotations.JDK15AnnotationFinder::findAnnotation (8 bytes)
Event: 4.276 Thread 0x0000021ddaf8d350 nmethod 2290 0x0000021dc5282890 code [0x0000021dc5282a40, 0x0000021dc5282b88]
Event: 4.276 Thread 0x0000021ddaf8d350 2291       3       org.testng.internal.annotations.JDK15AnnotationFinder::findAnnotation (102 bytes)

GC Heap History (6 events):
Event: 1.304 GC heap before
{Heap before GC invocations=0 (full 0):
 garbage-first heap   total 129024K, used 22528K [0x0000000082800000, 0x0000000100000000)
  region size 1024K, 23 young (23552K), 0 survivors (0K)
 Metaspace       used 7485K, capacity 8451K, committed 8704K, reserved 1056768K
  class space    used 686K, capacity 765K, committed 768K, reserved 1048576K
}
Event: 1.313 GC heap after
{Heap after GC invocations=1 (full 0):
 garbage-first heap   total 129024K, used 5417K [0x0000000082800000, 0x0000000100000000)
  region size 1024K, 3 young (3072K), 3 survivors (3072K)
 Metaspace       used 7485K, capacity 8451K, committed 8704K, reserved 1056768K
  class space    used 686K, capacity 765K, committed 768K, reserved 1048576K
}
Event: 2.495 GC heap before
{Heap before GC invocations=1 (full 0):
 garbage-first heap   total 129024K, used 33065K [0x0000000082800000, 0x0000000100000000)
  region size 1024K, 30 young (30720K), 3 survivors (3072K)
 Metaspace       used 10944K, capacity 11177K, committed 11392K, reserved 1058816K
  class space    used 993K, capacity 1038K, committed 1152K, reserved 1048576K
}
Event: 2.510 GC heap after
{Heap after GC invocations=2 (full 0):
 garbage-first heap   total 129024K, used 10932K [0x0000000082800000, 0x0000000100000000)
  region size 1024K, 4 young (4096K), 4 survivors (4096K)
 Metaspace       used 10944K, capacity 11177K, committed 11392K, reserved 1058816K
  class space    used 993K, capacity 1038K, committed 1152K, reserved 1048576K
}
Event: 3.328 GC heap before
{Heap before GC invocations=2 (full 0):
 garbage-first heap   total 129024K, used 54964K [0x0000000082800000, 0x0000000100000000)
  region size 1024K, 47 young (48128K), 4 survivors (4096K)
 Metaspace       used 13101K, capacity 13257K, committed 13568K, reserved 1060864K
  class space    used 1143K, capacity 1198K, committed 1280K, reserved 1048576K
}
Event: 3.350 GC heap after
{Heap after GC invocations=3 (full 0):
 garbage-first heap   total 129024K, used 17985K [0x0000000082800000, 0x0000000100000000)
  region size 1024K, 6 young (6144K), 6 survivors (6144K)
 Metaspace       used 13101K, capacity 13257K, committed 13568K, reserved 1060864K
  class space    used 1143K, capacity 1198K, committed 1280K, reserved 1048576K
}

Deoptimization events (20 events):
Event: 3.979 Thread 0x0000021dbc2662f0 Uncommon trap: trap_request=0xffffffc6 fr.pc=0x0000021dcc35b054 relative=0x0000000000001394
Event: 3.979 Thread 0x0000021dbc2662f0 Uncommon trap: reason=bimorphic_or_optimized_type_check action=maybe_recompile pc=0x0000021dcc35b054 method=java.util.HashMap.putVal(ILjava/lang/Object;Ljava/lang/Object;ZZ)Ljava/lang/Object; @ 56 c2
Event: 3.979 Thread 0x0000021dbc2662f0 DEOPT PACKING pc=0x0000021dcc35b054 sp=0x000000bcab9fd610
Event: 3.979 Thread 0x0000021dbc2662f0 DEOPT UNPACKING pc=0x0000021dc47be42f sp=0x000000bcab9fd540 mode 2
Event: 3.979 Thread 0x0000021dbc2662f0 Uncommon trap: trap_request=0xffffffc6 fr.pc=0x0000021dcc35b054 relative=0x0000000000001394
Event: 3.979 Thread 0x0000021dbc2662f0 Uncommon trap: reason=bimorphic_or_optimized_type_check action=maybe_recompile pc=0x0000021dcc35b054 method=java.util.HashMap.putVal(ILjava/lang/Object;Ljava/lang/Object;ZZ)Ljava/lang/Object; @ 56 c2
Event: 3.979 Thread 0x0000021dbc2662f0 DEOPT PACKING pc=0x0000021dcc35b054 sp=0x000000bcab9fd610
Event: 3.979 Thread 0x0000021dbc2662f0 DEOPT UNPACKING pc=0x0000021dc47be42f sp=0x000000bcab9fd540 mode 2
Event: 3.979 Thread 0x0000021dbc2662f0 Uncommon trap: trap_request=0xffffffc6 fr.pc=0x0000021dcc366dbc relative=0x000000000000147c
Event: 3.979 Thread 0x0000021dbc2662f0 Uncommon trap: reason=bimorphic_or_optimized_type_check action=maybe_recompile pc=0x0000021dcc366dbc method=java.util.HashMap.putVal(ILjava/lang/Object;Ljava/lang/Object;ZZ)Ljava/lang/Object; @ 56 c2
Event: 3.979 Thread 0x0000021dbc2662f0 DEOPT PACKING pc=0x0000021dcc366dbc sp=0x000000bcab9fd580
Event: 3.979 Thread 0x0000021dbc2662f0 DEOPT UNPACKING pc=0x0000021dc47be42f sp=0x000000bcab9fd538 mode 2
Event: 4.169 Thread 0x0000021dbc2662f0 Uncommon trap: trap_request=0xffffffc6 fr.pc=0x0000021dcc30ebac relative=0x00000000000004cc
Event: 4.169 Thread 0x0000021dbc2662f0 Uncommon trap: reason=bimorphic_or_optimized_type_check action=maybe_recompile pc=0x0000021dcc30ebac method=java.util.concurrent.ConcurrentHashMap.get(Ljava/lang/Object;)Ljava/lang/Object; @ 149 c2
Event: 4.169 Thread 0x0000021dbc2662f0 DEOPT PACKING pc=0x0000021dcc30ebac sp=0x000000bcab9fdd40
Event: 4.169 Thread 0x0000021dbc2662f0 DEOPT UNPACKING pc=0x0000021dc47be42f sp=0x000000bcab9fdce0 mode 2
Event: 4.169 Thread 0x0000021dbc2662f0 Uncommon trap: trap_request=0xffffffc6 fr.pc=0x0000021dcc30ebac relative=0x00000000000004cc
Event: 4.169 Thread 0x0000021dbc2662f0 Uncommon trap: reason=bimorphic_or_optimized_type_check action=maybe_recompile pc=0x0000021dcc30ebac method=java.util.concurrent.ConcurrentHashMap.get(Ljava/lang/Object;)Ljava/lang/Object; @ 149 c2
Event: 4.169 Thread 0x0000021dbc2662f0 DEOPT PACKING pc=0x0000021dcc30ebac sp=0x000000bcab9fdbd0
Event: 4.169 Thread 0x0000021dbc2662f0 DEOPT UNPACKING pc=0x0000021dc47be42f sp=0x000000bcab9fdb70 mode 2

Classes unloaded (0 events):
No events

Classes redefined (0 events):
No events

Internal exceptions (20 events):
Event: 1.125 Thread 0x0000021dbc2662f0 Exception <a 'java/lang/ArrayIndexOutOfBoundsException'{0x0000000089337a50}: Index 9 out of bounds for length 9> (0x0000000089337a50) 
thrown [./src/hotspot/share/interpreter/interpreterRuntime.cpp, line 443]
Event: 1.126 Thread 0x0000021dbc2662f0 Exception <a 'java/lang/ArrayIndexOutOfBoundsException'{0x000000008933ccf0}> (0x000000008933ccf0) 
thrown [./src/hotspot/share/runtime/sharedRuntime.cpp, line 585]
Event: 1.126 Thread 0x0000021dbc2662f0 Exception <a 'java/lang/ArrayIndexOutOfBoundsException'{0x000000008933d2b8}> (0x000000008933d2b8) 
thrown [./src/hotspot/share/runtime/sharedRuntime.cpp, line 585]
Event: 1.126 Thread 0x0000021dbc2662f0 Exception <a 'java/lang/ArrayIndexOutOfBoundsException'{0x000000008933d880}: Index 7 out of bounds for length 7> (0x000000008933d880) 
thrown [./src/hotspot/share/interpreter/interpreterRuntime.cpp, line 443]
Event: 1.274 Thread 0x0000021ddc56ded0 Exception <a 'java/lang/NoSuchMethodError'{0x0000000088fa4810}: 'java.lang.Object java.lang.invoke.DirectMethodHandle$Holder.invokeStaticInit(java.lang.Object)'> (0x0000000088fa4810) 
thrown [./src/hotspot/share/interpreter/linkResolver.cpp, line 782]
Event: 1.287 Thread 0x0000021ddc56ded0 Exception <a 'java/lang/NoSuchMethodError'{0x0000000088fcd3a0}: 'void java.lang.invoke.DirectMethodHandle$Holder.invokeStatic(java.lang.Object, java.lang.Object)'> (0x0000000088fcd3a0) 
thrown [./src/hotspot/share/interpreter/linkResolver.cpp, line 782]
Event: 1.287 Thread 0x0000021dbc2662f0 Exception <a 'java/lang/NoSuchMethodError'{0x0000000088f55490}: 'void java.lang.invoke.DirectMethodHandle$Holder.invokeStatic(java.lang.Object, java.lang.Object)'> (0x0000000088f55490) 
thrown [./src/hotspot/share/interpreter/linkResolver.cpp, line 782]
Event: 1.635 Thread 0x0000021dbc2662f0 Exception <a 'java/lang/NoSuchMethodError'{0x0000000089eed948}: 'int java.lang.invoke.DirectMethodHandle$Holder.invokeStaticInit(java.lang.Object, java.lang.Object)'> (0x0000000089eed948) 
thrown [./src/hotspot/share/interpreter/linkResolver.cpp, line 782]
Event: 2.121 Thread 0x0000021dbc2662f0 Exception <a 'java/lang/NoSuchMethodError'{0x0000000089376988}: 'void java.lang.invoke.DirectMethodHandle$Holder.invokeStaticInit(java.lang.Object, java.lang.Object)'> (0x0000000089376988) 
thrown [./src/hotspot/share/interpreter/linkResolver.cpp, line 782]
Event: 2.156 Thread 0x0000021dbc2662f0 Exception <a 'java/lang/NoSuchMethodError'{0x00000000893ac738}: 'java.lang.Object java.lang.invoke.DirectMethodHandle$Holder.invokeStaticInit(java.lang.Object, int, int, int, int)'> (0x00000000893ac738) 
thrown [./src/hotspot/share/interpreter/linkResolver.cpp, line 782]
Event: 2.284 Thread 0x0000021dbc2662f0 Exception <a 'java/lang/NoSuchMethodError'{0x0000000089278118}: 'java.lang.Object java.lang.invoke.DirectMethodHandle$Holder.invokeStaticInit(java.lang.Object, java.lang.Object, int, int, int, int)'> (0x0000000089278118) 
thrown [./src/hotspot/share/interpreter/linkResolver.cpp, line 782]
Event: 2.432 Thread 0x0000021dbc2662f0 Exception <a 'java/lang/NoClassDefFoundError'{0x0000000088a50258}: org/slf4j/impl/StaticLoggerBinder> (0x0000000088a50258) 
thrown [./src/hotspot/share/classfile/systemDictionary.cpp, line 284]
Event: 2.511 Thread 0x0000021dbc2662f0 Implicit null exception at 0x0000021dcc2c3087 to 0x0000021dcc2c3d38
Event: 4.056 Thread 0x0000021dbc2662f0 Exception <a 'java/lang/NoSuchMethodError'{0x0000000087d94df8}: 'int java.lang.invoke.DirectMethodHandle$Holder.invokeVirtual(java.lang.Object, java.lang.Object)'> (0x0000000087d94df8) 
thrown [./src/hotspot/share/interpreter/linkResolver.cpp, line 782]
Event: 4.058 Thread 0x0000021dbc2662f0 Exception <a 'java/lang/NoSuchMethodError'{0x0000000087d9f0b0}: 'java.lang.Object java.lang.invoke.Invokers$Holder.invokeExact_MT(java.lang.Object, java.lang.Object, java.lang.Object, java.lang.Object, java.lang.Object, java.lang.Object)'> (0x0000000087d9f0b0) 
thrown [./src/hotspot/share/interpreter/linkResolver.cpp, line 782]
Event: 4.094 Thread 0x0000021dbc2662f0 Exception <a 'java/lang/NoSuchMethodError'{0x0000000087b499e0}: 'int java.lang.invoke.DirectMethodHandle$Holder.invokeStaticInit(java.lang.Object, java.lang.Object, java.lang.Object)'> (0x0000000087b499e0) 
thrown [./src/hotspot/share/interpreter/linkResolver.cpp, line 782]
Event: 4.193 Thread 0x0000021dbc2662f0 Exception <a 'java/lang/NoSuchMethodError'{0x0000000087703498}: 'java.lang.Object java.lang.invoke.DirectMethodHandle$Holder.newInvokeSpecial(java.lang.Object, java.lang.Object, java.lang.Object, java.lang.Object, java.lang.Object, java.lang.Object, java.lang.Object)'> (0x0000000087703498) 
thrown [./src/hotspot/share/interpreter/linkResolver.cpp, line 782]
Event: 4.194 Thread 0x0000021dbc2662f0 Exception <a 'java/lang/NoSuchMethodError'{0x0000000087708300}: 'java.lang.Object java.lang.invoke.Invokers$Holder.linkToTargetMethod(java.lang.Object, java.lang.Object, java.lang.Object, java.lang.Object, java.lang.Object, java.lang.Object, java.lang.Object)'> (0x0000000087708300) 
thrown [./src/hotspot/share/interpreter/linkResolver.cpp, line 782]
Event: 4.198 Thread 0x0000021dbc2662f0 Exception <a 'java/lang/NoSuchMethodError'{0x00000000877335c8}: 'void java.lang.invoke.DirectMethodHandle$Holder.invokeStatic(java.lang.Object, java.lang.Object, java.lang.Object, java.lang.Object)'> (0x00000000877335c8) 
thrown [./src/hotspot/share/interpreter/linkResolver.cpp, line 782]
Event: 4.236 Thread 0x0000021dbc2662f0 Exception <a 'java/lang/NoSuchMethodError'{0x00000000870ff750}: 'int java.lang.invoke.DirectMethodHandle$Holder.invokeSpecial(java.lang.Object, java.lang.Object, java.lang.Object)'> (0x00000000870ff750) 
thrown [./src/hotspot/share/interpreter/linkResolver.cpp, line 782]

Events (20 events):
Event: 4.050 loading class java/lang/invoke/VarHandleInts$FieldInstanceReadWrite
Event: 4.050 loading class java/lang/invoke/VarHandleInts$FieldInstanceReadWrite done
Event: 4.055 loading class java/util/function/ToIntFunction
Event: 4.055 loading class java/util/function/ToIntFunction done
Event: 4.093 loading class java/util/function/BiPredicate
Event: 4.093 loading class java/util/function/BiPredicate done
Event: 4.123 loading class java/util/HashMap$KeySpliterator
Event: 4.123 loading class java/util/HashMap$KeySpliterator done
Event: 4.129 loading class java/lang/Class$2
Event: 4.129 loading class java/lang/Class$2 done
Event: 4.148 loading class java/lang/TypeNotPresentException
Event: 4.148 loading class java/lang/TypeNotPresentException done
Event: 4.168 loading class jdk/internal/HotSpotIntrinsicCandidate
Event: 4.168 loading class jdk/internal/HotSpotIntrinsicCandidate done
Event: 4.191 loading class java/lang/Package$1PackageInfoProxy
Event: 4.191 loading class java/lang/Package$1PackageInfoProxy done
Event: 4.247 loading class java/lang/Deprecated
Event: 4.247 loading class java/lang/Deprecated done
Event: 4.247 loading class java/lang/annotation/Documented
Event: 4.247 loading class java/lang/annotation/Documented done


Dynamic libraries:
0x00007ff7aa6a0000 - 0x00007ff7aa6ad000 	C:\Users\Fess\.jdks\corretto-15.0.2\bin\java.exe
0x00007ffb9b590000 - 0x00007ffb9b785000 	C:\Windows\SYSTEM32\ntdll.dll
0x00007ffb99610000 - 0x00007ffb996cd000 	C:\Windows\System32\KERNEL32.DLL
0x00007ffb99260000 - 0x00007ffb99528000 	C:\Windows\System32\KERNELBASE.dll
0x00007ffb98f80000 - 0x00007ffb99080000 	C:\Windows\System32\ucrtbase.dll
0x00007ffb98540000 - 0x00007ffb98558000 	C:\Users\Fess\.jdks\corretto-15.0.2\bin\jli.dll
0x00007ffb96f50000 - 0x00007ffb96f65000 	C:\Users\Fess\.jdks\corretto-15.0.2\bin\VCRUNTIME140.dll
0x00007ffb9a3d0000 - 0x00007ffb9a570000 	C:\Windows\System32\USER32.dll
0x00007ffb980c0000 - 0x00007ffb9835a000 	C:\Windows\WinSxS\amd64_microsoft.windows.common-controls_6595b64144ccf1df_6.0.19041.1052_none_60b8f8fd71f5e8cb\COMCTL32.dll
0x00007ffb990d0000 - 0x00007ffb990f2000 	C:\Windows\System32\win32u.dll
0x00007ffb9b350000 - 0x00007ffb9b3ee000 	C:\Windows\System32\msvcrt.dll
0x00007ffb9b4b0000 - 0x00007ffb9b4da000 	C:\Windows\System32\GDI32.dll
0x00007ffb98e10000 - 0x00007ffb98f1b000 	C:\Windows\System32\gdi32full.dll
0x00007ffb99560000 - 0x00007ffb995fd000 	C:\Windows\System32\msvcp_win.dll
0x00007ffb9a370000 - 0x00007ffb9a3a0000 	C:\Windows\System32\IMM32.DLL
0x00007ffb8ffb0000 - 0x00007ffb9004b000 	C:\Users\Fess\.jdks\corretto-15.0.2\bin\msvcp140.dll
0x00007ffb596a0000 - 0x00007ffb5a231000 	C:\Users\Fess\.jdks\corretto-15.0.2\bin\server\jvm.dll
0x00007ffb99db0000 - 0x00007ffb99e5c000 	C:\Windows\System32\ADVAPI32.dll
0x00007ffb99d10000 - 0x00007ffb99dab000 	C:\Windows\System32\sechost.dll
0x00007ffb9a110000 - 0x00007ffb9a23b000 	C:\Windows\System32\RPCRT4.dll
0x00007ffb9b540000 - 0x00007ffb9b548000 	C:\Windows\System32\PSAPI.DLL
0x00007ffb7d6a0000 - 0x00007ffb7d6a9000 	C:\Windows\SYSTEM32\WSOCK32.dll
0x00007ffb801e0000 - 0x00007ffb80207000 	C:\Windows\SYSTEM32\WINMM.dll
0x00007ffb9b2e0000 - 0x00007ffb9b34b000 	C:\Windows\System32\WS2_32.dll
0x00007ffb88de0000 - 0x00007ffb88dea000 	C:\Windows\SYSTEM32\VERSION.dll
0x00007ffb95e50000 - 0x00007ffb95e62000 	C:\Windows\SYSTEM32\kernel.appcore.dll
0x00007ffb98520000 - 0x00007ffb9852a000 	C:\Users\Fess\.jdks\corretto-15.0.2\bin\jimage.dll
0x00007ffb98700000 - 0x00007ffb988e4000 	C:\Windows\SYSTEM32\DBGHELP.DLL
0x00007ffb984b0000 - 0x00007ffb984dc000 	C:\Windows\SYSTEM32\dbgcore.DLL
0x00007ffb98d80000 - 0x00007ffb98e03000 	C:\Windows\System32\bcryptPrimitives.dll
0x00007ffb96dd0000 - 0x00007ffb96dde000 	C:\Users\Fess\.jdks\corretto-15.0.2\bin\instrument.dll
0x00007ffb90920000 - 0x00007ffb90945000 	C:\Users\Fess\.jdks\corretto-15.0.2\bin\java.dll
0x00007ffb9aa70000 - 0x00007ffb9b1af000 	C:\Windows\System32\SHELL32.dll
0x00007ffb96050000 - 0x00007ffb967e0000 	C:\Windows\SYSTEM32\windows.storage.dll
0x00007ffb998e0000 - 0x00007ffb99c35000 	C:\Windows\System32\combase.dll
0x00007ffb98050000 - 0x00007ffb9807c000 	C:\Windows\SYSTEM32\Wldp.dll
0x00007ffb9a2c0000 - 0x00007ffb9a36e000 	C:\Windows\System32\SHCORE.dll
0x00007ffb9b450000 - 0x00007ffb9b4a5000 	C:\Windows\System32\shlwapi.dll
0x00007ffb98c10000 - 0x00007ffb98c2f000 	C:\Windows\SYSTEM32\profapi.dll
0x00007ffb92290000 - 0x00007ffb922a8000 	C:\Users\Fess\.jdks\corretto-15.0.2\bin\zip.dll
0x00007ffb96f30000 - 0x00007ffb96f49000 	C:\Users\Fess\.jdks\corretto-15.0.2\bin\net.dll
0x00007ffb89e50000 - 0x00007ffb89f5b000 	C:\Windows\SYSTEM32\WINHTTP.dll
0x00007ffb97f20000 - 0x00007ffb97f8a000 	C:\Windows\system32\mswsock.dll
0x00007ffb96e60000 - 0x00007ffb96e72000 	C:\Users\Fess\.jdks\corretto-15.0.2\bin\nio.dll
0x00007ffb8ff50000 - 0x00007ffb8ff6a000 	C:\Program Files\JetBrains\IntelliJ IDEA Community Edition 2020.3.1\bin\breakgen64.dll
0x00007ffb98a60000 - 0x00007ffb98a78000 	C:\Windows\SYSTEM32\CRYPTSP.dll
0x00007ffb97720000 - 0x00007ffb97754000 	C:\Windows\system32\rsaenh.dll
0x00007ffb99530000 - 0x00007ffb99557000 	C:\Windows\System32\bcrypt.dll
0x00007ffb98b90000 - 0x00007ffb98bbe000 	C:\Windows\SYSTEM32\USERENV.dll
0x00007ffb98040000 - 0x00007ffb9804c000 	C:\Windows\SYSTEM32\CRYPTBASE.dll
0x00007ffb97ab0000 - 0x00007ffb97aeb000 	C:\Windows\SYSTEM32\IPHLPAPI.DLL
0x00007ffb9a3a0000 - 0x00007ffb9a3a8000 	C:\Windows\System32\NSI.dll
0x00007ffb8da40000 - 0x00007ffb8da57000 	C:\Windows\SYSTEM32\dhcpcsvc6.DLL
0x00007ffb8e140000 - 0x00007ffb8e15d000 	C:\Windows\SYSTEM32\dhcpcsvc.DLL
0x00007ffb97af0000 - 0x00007ffb97bbc000 	C:\Windows\SYSTEM32\DNSAPI.dll
0x00007ffb96c70000 - 0x00007ffb96c80000 	C:\Users\Fess\.jdks\corretto-15.0.2\bin\verify.dll

dbghelp: loaded successfully - version: 4.0.5 - missing functions: none
symbol engine: initialized successfully - sym options: 0x614 - pdb path: .;C:\Users\Fess\.jdks\corretto-15.0.2\bin;C:\Windows\SYSTEM32;C:\Windows\WinSxS\amd64_microsoft.windows.common-controls_6595b64144ccf1df_6.0.19041.1052_none_60b8f8fd71f5e8cb;C:\Users\Fess\.jdks\corretto-15.0.2\bin\server;C:\Program Files\JetBrains\IntelliJ IDEA Community Edition 2020.3.1\bin

VM Arguments:
jvm_args: -ea -javaagent:C:\Users\Fess\.m2\repository/org/aspectj/aspectjweaver/1.9.6/aspectjweaver-1.9.6.jar -Djlisteners -Didea.test.cyclic.buffer.size=1048576 -javaagent:C:\Program Files\JetBrains\IntelliJ IDEA Community Edition 2020.3.1\lib\idea_rt.jar=9356:C:\Program Files\JetBrains\IntelliJ IDEA Community Edition 2020.3.1\bin -Dfile.encoding=UTF-8 
java_command: com.intellij.rt.testng.RemoteTestNGStarter -usedefaultlisteners false -socket9355 @w@C:\Users\Fess\AppData\Local\Temp\idea_working_dirs_testng.tmp -temp C:\Users\Fess\AppData\Local\Temp\idea_testng.tmp
java_class_path (initial): C:\Program Files\JetBrains\IntelliJ IDEA Community Edition 2020.3.1\lib\idea_rt.jar;C:\Program Files\JetBrains\IntelliJ IDEA Community Edition 2020.3.1\plugins\testng\lib\testng-rt.jar;C:\Users\Fess\IdeaProjects\LastProject\target\test-classes;C:\Users\Fess\IdeaProjects\LastProject\target\classes;C:\Users\Fess\.m2\repository\com\google\code\gson\gson\2.8.5\gson-2.8.5.jar;C:\Users\Fess\.m2\repository\com\googlecode\json-simple\json-simple\1.1.1\json-simple-1.1.1.jar;C:\Users\Fess\.m2\repository\junit\junit\4.10\junit-4.10.jar;C:\Users\Fess\.m2\repository\org\hamcrest\hamcrest-core\1.1\hamcrest-core-1.1.jar;C:\Users\Fess\.m2\repository\org\testng\testng\7.0.0\testng-7.0.0.jar;C:\Users\Fess\.m2\repository\com\beust\jcommander\1.72\jcommander-1.72.jar;C:\Users\Fess\.m2\repository\io\qameta\allure\allure-testng\2.15.0\allure-testng-2.15.0.jar;C:\Users\Fess\.m2\repository\io\qameta\allure\allure-java-commons\2.15.0\allure-java-commons-2.15.0.jar;C:\Users\Fess\.m2\repository\io\qameta\allure\allure-model\2.15.0\allure-model-2.15.0.jar;C:\Users\Fess\.m2\repository\io\qameta\allure\allure-test-filter\2.15.0\allure-test-filter-2.15.0.jar;C:\Users\Fess\.m2\repository\org\json\json\20210307\json-20210307.jar;C:\Users\Fess\.m2\repository\io\github\bonigarcia\webdrivermanager\4.3.1\webdrivermanager-4.3.1.jar;C:\Users\Fess\.m2\repository\org\slf4j\slf4j-api\1.7.30\slf4j-api-1.7.30.jar;C:\Users\Fess\.m2\repository\commons-io\commons-io\2.8.0\commons-io-2.8.0.jar;C:\Users\Fess\.m2\repository\org\apache\commons\commons-lang3\3.11\commons-lang3-3.11.jar;C:\Users\Fess\.m2\repository\org\apache\httpcomponents\client5\httpclient5\5.0.3\httpclient5-5.0.3.jar;C:\Users\Fess\.m2\repository\org\apache\httpcomponents\core5\httpcore5\5.0.2\httpcore5-5.0.2.jar;C:\Users\Fess\.m2\repository\org\apache\httpcomponents\core5\httpcore5-h2\5.0.2\httpcore5-h2-5.0.2.jar;C:\Users\Fess\.m2\repository\commons-codec\commons-codec\1.13\commons-codec-1.13.jar;C:\Users\Fess\.m2\repo
Launcher Type: SUN_STANDARD

[Global flags]
     intx CICompilerCount                          = 4                                         {product} {ergonomic}
     uint ConcGCThreads                            = 2                                         {product} {ergonomic}
     uint G1ConcRefinementThreads                  = 8                                         {product} {ergonomic}
   size_t G1HeapRegionSize                         = 1048576                                   {product} {ergonomic}
    uintx GCDrainStackTargetSize                   = 64                                        {product} {ergonomic}
   size_t InitialHeapSize                          = 132120576                                 {product} {ergonomic}
   size_t MarkStackSize                            = 4194304                                   {product} {ergonomic}
   size_t MaxHeapSize                              = 2105540608                                {product} {ergonomic}
   size_t MaxNewSize                               = 1262485504                                {product} {ergonomic}
   size_t MinHeapDeltaBytes                        = 1048576                                   {product} {ergonomic}
   size_t MinHeapSize                              = 8388608                                   {product} {ergonomic}
    uintx NonNMethodCodeHeapSize                   = 5839372                                {pd product} {ergonomic}
    uintx NonProfiledCodeHeapSize                  = 122909434                              {pd product} {ergonomic}
    uintx ProfiledCodeHeapSize                     = 122909434                              {pd product} {ergonomic}
    uintx ReservedCodeCacheSize                    = 251658240                              {pd product} {ergonomic}
     bool SegmentedCodeCache                       = true                                      {product} {ergonomic}
   size_t SoftMaxHeapSize                          = 2105540608                             {manageable} {ergonomic}
     bool UseCompressedClassPointers               = true                                 {lp64_product} {ergonomic}
     bool UseCompressedOops                        = true                                 {lp64_product} {ergonomic}
     bool UseG1GC                                  = true                                      {product} {ergonomic}
     bool UseLargePagesIndividualAllocation        = false                                  {pd product} {ergonomic}

Logging:
Log output configuration:
 #0: stdout all=warning uptime,level,tags
 #1: stderr all=off uptime,level,tags

Environment Variables:
JAVA_HOME=C:\Program Files\Java\jdk1.8.0_301
PATH=C:\Program Files\Common Files\Oracle\Java\javapath;C:\PROGRAM FILES\BROADCOM\BROADCOM 802.11 NETWORK ADAPTER;C:\PROGRAM FILES (X86)\NVIDIA CORPORATION\PHYSX\COMMON;C:\PROGRAM FILES (X86)\INTEL\ICLS CLIENT\;C:\PROGRAM FILES\INTEL\ICLS CLIENT\;C:\Windows\SYSTEM32;C:\Windows;C:\Windows\SYSTEM32\WBEM;C:\Windows\SYSTEM32\WINDOWSPOWERSHELL\V1.0\;C:\Windows\SYSTEM32\OPENSSH\;C:\PROGRAM FILES\GIT\CMD;C:\PROGRAM FILES\INTEL\INTEL(R) MANAGEMENT ENGINE COMPONENTS\DAL;C:\PROGRAM FILES\INTEL\INTEL(R) MANAGEMENT ENGINE COMPONENTS\IPT;C:\PROGRAM FILES (X86)\INTEL\INTEL(R) MANAGEMENT ENGINE COMPONENTS\DAL;C:\PROGRAM FILES (X86)\INTEL\INTEL(R) MANAGEMENT ENGINE COMPONENTS\IPT;C:\Program Files\Java\jdk1.8.0_301\bin;C:\Users\Fess\IdeaProjects\apache-maven-3.8.1\bin;C:\Program Files\MySQL\MySQL Shell 8.0\bin\;C:\Users\Fess\AppData\Local\Microsoft\WindowsApps;C:\Users\Fess\IdeaProjects\allure-2.14.0\bin;%MAVEN_HOME$;C:\Program Files\Java\jdk1.8.0_301\bin;;C:\Program Files\JetBrains\IntelliJ IDEA Community Edition 2020.3.1\bin;
USERNAME=Fess
OS=Windows_NT
PROCESSOR_IDENTIFIER=Intel64 Family 6 Model 58 Stepping 9, GenuineIntel



---------------  S Y S T E M  ---------------

OS:
 Windows 10 , 64 bit Build 19041 (10.0.19041.1023)
OS uptime: 1 days 1:29 hours

CPU: total 8 (initial active 8) (4 cores per cpu, 2 threads per core) family 6 model 58 stepping 9 microcode 0x21, cmov, cx8, fxsr, mmx, sse, sse2, sse3, ssse3, sse4.1, sse4.2, popcnt, vzeroupper, avx, aes, clmul, erms, ht, tsc, tscinvbit, tscinv, clflush

Memory: 4k page, system-wide physical 8030M (2346M free)
TotalPageFile size 12126M (AvailPageFile size 4103M)
current process WorkingSet (physical memory assigned to process): 202M, peak: 202M
current process commit charge ("private bytes"): 300M, peak: 300M

vm_info: OpenJDK 64-Bit Server VM (15.0.2+7) for windows-amd64 JRE (15.0.2+7), built on Jan 20 2021 22:17:45 by "Administrator" with MS VC++ 15.9 (VS2017)

END.
