#
# A fatal error has been detected by the Java Runtime Environment:
#
#  EXCEPTION_ACCESS_VIOLATION (0xc0000005) at pc=0x00000000663e2f20, pid=8960, tid=0x00000000000006ac
#
# JRE version: Java(TM) SE Runtime Environment (8.0_301-b09) (build 1.8.0_301-b09)
# Java VM: Java HotSpot(TM) 64-Bit Server VM (25.301-b09 mixed mode windows-amd64 compressed oops)
# Problematic frame:
# V  [jvm.dll+0x472f20]
#
# Failed to write core dump. Minidumps are not enabled by default on client versions of Windows
#
# If you would like to submit a bug report, please visit:
#   http://bugreport.java.com/bugreport/crash.jsp
#

---------------  T H R E A D  ---------------

Current thread (0x00000266fefd8800):  JavaThread "C2 CompilerThread2" daemon [_thread_in_native, id=1708, stack(0x00000095ecd00000,0x00000095ece00000)]

siginfo: ExceptionCode=0xc0000005, reading address 0x0000000062758720

Registers:
RAX=0x0000000000000000, RBX=0x000002668761e3f0, RCX=0x0000000000000000, RDX=0x0000000000000008
RSP=0x00000095ecdfaf20, RBP=0x00000095ecdfb040, RSI=0x000000000000003a, RDI=0x00000095ecdfaf80
R8 =0x0000000062758720, R9 =0x0000026688008ce0, R10=0x0000000065f70000, R11=0x00000095ecdfaec0
R12=0x0000000065f70000, R13=0x00000266ff00ec90, R14=0x000000000000003a, R15=0x0000000066758720
RIP=0x00000000663e2f20, EFLAGS=0x0000000000010246

Top of Stack: (sp=0x00000095ecdfaf20)
0x00000095ecdfaf20:   0000000000002508 00000000663e3040
0x00000095ecdfaf30:   00000095ecdfd730 0000026687500a90
0x00000095ecdfaf40:   0000000066758720 000000000000001a
0x00000095ecdfaf50:   00000000000025ba 00000000663de750
0x00000095ecdfaf60:   000002668761e3f0 00000095ecdfb040
0x00000095ecdfaf70:   00000000000025ba 0000000000000000
0x00000095ecdfaf80:   000025be00000000 0000000000000006
0x00000095ecdfaf90:   0000000062758720 0000000000000026
0x00000095ecdfafa0:   0000026685d5b6f0 000000000000004b
0x00000095ecdfafb0:   000002668761e490 00000095ecdfb448
0x00000095ecdfafc0:   00000266ff00ec80 00000095ecdfb448
0x00000095ecdfafd0:   00000095ecdfb0e0 00000000663a7e3b
0x00000095ecdfafe0:   00000095ecdfb360 0000000000000000
0x00000095ecdfaff0:   00000000000003d8 0000000000000001
0x00000095ecdfb000:   0000009500000006 00000266ff00ec80
0x00000095ecdfb010:   0000026687eccf80 0000026687ecf5d0 

Instructions: (pc=0x00000000663e2f20)
0x00000000663e2f00:   48 8b 47 20 44 8b f6 4e 8b 04 f0 4d 3b c7 0f 84
0x00000000663e2f10:   83 00 00 00 33 c0 4c 89 47 10 33 c9 0f 1f 40 00
0x00000000663e2f20:   42 83 3c 01 00 8d 50 01 0f 85 c9 00 00 00 48 83
0x00000000663e2f30:   c1 04 8b c2 83 fa 08 72 e7 48 8b 6f 30 48 85 ed 


Register to memory mapping:

RAX=0x0000000000000000 is an unknown value
RBX=0x000002668761e3f0 is an unknown value
RCX=0x0000000000000000 is an unknown value
RDX=0x0000000000000008 is an unknown value
RSP=0x00000095ecdfaf20 is pointing into the stack for thread: 0x00000266fefd8800
RBP=0x00000095ecdfb040 is pointing into the stack for thread: 0x00000266fefd8800
RSI=0x000000000000003a is an unknown value
RDI=0x00000095ecdfaf80 is pointing into the stack for thread: 0x00000266fefd8800
R8 =0x0000000062758720 is an unknown value
R9 =0x0000026688008ce0 is an unknown value
R10=0x0000000065f70000 is an unknown value
R11=0x00000095ecdfaec0 is pointing into the stack for thread: 0x00000266fefd8800
R12=0x0000000065f70000 is an unknown value
R13=0x00000266ff00ec90 is an unknown value
R14=0x000000000000003a is an unknown value
R15=0x0000000066758720 is an unknown value


Stack: [0x00000095ecd00000,0x00000095ece00000],  sp=0x00000095ecdfaf20,  free space=1003k
Native frames: (J=compiled Java code, j=interpreted, Vv=VM code, C=native code)
V  [jvm.dll+0x472f20]
V  [jvm.dll+0x46e750]
V  [jvm.dll+0x437e3b]
V  [jvm.dll+0x440c55]
V  [jvm.dll+0x440015]
V  [jvm.dll+0x42ae57]
V  [jvm.dll+0xac1bb]
V  [jvm.dll+0xaa81b]
V  [jvm.dll+0x23ddc2]
V  [jvm.dll+0x2923dc]
C  [ucrtbase.dll+0x21bb2]
C  [KERNEL32.DLL+0x17034]
C  [ntdll.dll+0x52651]


Current CompileTask:
C2:   3625 1601       4       java.net.URLClassLoader$1::run (5 bytes)


---------------  P R O C E S S  ---------------

Java Threads: ( => current thread )
  0x00000266ff03e000 JavaThread "Service Thread" daemon [_thread_blocked, id=9768, stack(0x00000095ecf00000,0x00000095ed000000)]
  0x00000266fefda000 JavaThread "C1 CompilerThread3" daemon [_thread_blocked, id=8412, stack(0x00000095ece00000,0x00000095ecf00000)]
=>0x00000266fefd8800 JavaThread "C2 CompilerThread2" daemon [_thread_in_native, id=1708, stack(0x00000095ecd00000,0x00000095ece00000)]
  0x00000266fefd0800 JavaThread "C2 CompilerThread1" daemon [_thread_in_native, id=10264, stack(0x00000095ecc00000,0x00000095ecd00000)]
  0x00000266fefbe000 JavaThread "C2 CompilerThread0" daemon [_thread_in_native, id=10284, stack(0x00000095ecb00000,0x00000095ecc00000)]
  0x00000266fefbc800 JavaThread "Attach Listener" daemon [_thread_blocked, id=13024, stack(0x00000095eca00000,0x00000095ecb00000)]
  0x00000266fefbb800 JavaThread "Signal Dispatcher" daemon [_thread_blocked, id=780, stack(0x00000095ec900000,0x00000095eca00000)]
  0x00000266fef98000 JavaThread "Finalizer" daemon [_thread_blocked, id=1856, stack(0x00000095ec800000,0x00000095ec900000)]
  0x00000266fef88800 JavaThread "Reference Handler" daemon [_thread_blocked, id=5916, stack(0x00000095ec700000,0x00000095ec800000)]
  0x00000266ec3b3000 JavaThread "main" [_thread_in_Java, id=13204, stack(0x00000095ebd00000,0x00000095ebe00000)]

Other Threads:
  0x00000266fe39d000 VMThread [stack: 0x00000095ec600000,0x00000095ec700000] [id=11076]
  0x0000026684334800 WatcherThread [stack: 0x00000095ed000000,0x00000095ed100000] [id=10292]

VM state:not at safepoint (normal execution)

VM Mutex/Monitor currently owned by a thread: None

heap address: 0x0000000082800000, size: 2008 MB, Compressed Oops mode: 32-bit
Narrow klass base: 0x0000000000000000, Narrow klass shift: 3
Compressed class space size: 1073741824 Address: 0x0000000100000000

Heap:
 PSYoungGen      total 37888K, used 17530K [0x00000000d6300000, 0x00000000dad00000, 0x0000000100000000)
  eden space 32768K, 37% used [0x00000000d6300000,0x00000000d6f26bb8,0x00000000d8300000)
  from space 5120K, 99% used [0x00000000d8800000,0x00000000d8cf8040,0x00000000d8d00000)
  to   space 5120K, 0% used [0x00000000d8300000,0x00000000d8300000,0x00000000d8800000)
 ParOldGen       total 86016K, used 6571K [0x0000000082800000, 0x0000000087c00000, 0x00000000d6300000)
  object space 86016K, 7% used [0x0000000082800000,0x0000000082e6ac80,0x0000000087c00000)
 Metaspace       used 15532K, capacity 15706K, committed 16000K, reserved 1062912K
  class space    used 1835K, capacity 1913K, committed 1920K, reserved 1048576K

Card table byte_map: [0x00000266fd020000,0x00000266fd410000] byte_map_base: 0x00000266fcc0c000

Marking Bits: (ParMarkBitMap*) 0x0000000066757fe0
 Begin Bits: [0x0000026680000000, 0x0000026681f60000)
 End Bits:   [0x0000026681f60000, 0x0000026683ec0000)

Polling page: 0x00000266ec350000

CodeCache: size=245760Kb used=8626Kb max_used=8642Kb free=237133Kb
 bounds [0x00000266edc60000, 0x00000266ee4e0000, 0x00000266fcc60000]
 total_blobs=2927 nmethods=2577 adapters=262
 compilation: enabled

Compilation events (10 events):
Event: 3.581 Thread 0x00000266fefda000 nmethod 2564 0x00000266ee4cb750 code [0x00000266ee4cb900, 0x00000266ee4cbe00]
Event: 3.581 Thread 0x00000266fefda000 2566       3       org.apache.maven.model.building.ModelData::setActiveProfiles (6 bytes)
Event: 3.581 Thread 0x00000266fefda000 nmethod 2566 0x00000266ee4cc090 code [0x00000266ee4cc1e0, 0x00000266ee4cc358]
Event: 3.581 Thread 0x00000266fefda000 2568       3       org.apache.maven.model.BuildBase::setDirectory (6 bytes)
Event: 3.581 Thread 0x00000266fefda000 nmethod 2568 0x00000266ee4cc3d0 code [0x00000266ee4cc520, 0x00000266ee4cc698]
Event: 3.581 Thread 0x00000266fefda000 2569       3       org.eclipse.aether.DefaultRepositorySystemSession::getLocalRepository (20 bytes)
Event: 3.581 Thread 0x00000266fefda000 nmethod 2569 0x00000266ee4cc710 code [0x00000266ee4cc880, 0x00000266ee4ccb90]
Event: 3.585 Thread 0x00000266fefda000 2570       3       org.eclipse.aether.util.ConfigUtils::getBoolean (12 bytes)
Event: 3.586 Thread 0x00000266fefda000 nmethod 2570 0x00000266ee4ccc50 code [0x00000266ee4ccdc0, 0x00000266ee4ccf90]
Event: 3.586 Thread 0x00000266fefda000 2571       3       org.eclipse.aether.resolution.VersionRequest::<init> (36 bytes)

GC Heap History (8 events):
Event: 0.975 GC heap before
{Heap before GC invocations=1 (full 0):
 PSYoungGen      total 37888K, used 32768K [0x00000000d6300000, 0x00000000d8d00000, 0x0000000100000000)
  eden space 32768K, 100% used [0x00000000d6300000,0x00000000d8300000,0x00000000d8300000)
  from space 5120K, 0% used [0x00000000d8800000,0x00000000d8800000,0x00000000d8d00000)
  to   space 5120K, 0% used [0x00000000d8300000,0x00000000d8300000,0x00000000d8800000)
 ParOldGen       total 86016K, used 0K [0x0000000082800000, 0x0000000087c00000, 0x00000000d6300000)
  object space 86016K, 0% used [0x0000000082800000,0x0000000082800000,0x0000000087c00000)
 Metaspace       used 8217K, capacity 8412K, committed 8576K, reserved 1056768K
  class space    used 991K, capacity 1080K, committed 1152K, reserved 1048576K
Event: 0.980 GC heap after
Heap after GC invocations=1 (full 0):
 PSYoungGen      total 37888K, used 5110K [0x00000000d6300000, 0x00000000d8d00000, 0x0000000100000000)
  eden space 32768K, 0% used [0x00000000d6300000,0x00000000d6300000,0x00000000d8300000)
  from space 5120K, 99% used [0x00000000d8300000,0x00000000d87fdbf0,0x00000000d8800000)
  to   space 5120K, 0% used [0x00000000d8800000,0x00000000d8800000,0x00000000d8d00000)
 ParOldGen       total 86016K, used 225K [0x0000000082800000, 0x0000000087c00000, 0x00000000d6300000)
  object space 86016K, 0% used [0x0000000082800000,0x00000000828384b8,0x0000000087c00000)
 Metaspace       used 8217K, capacity 8412K, committed 8576K, reserved 1056768K
  class space    used 991K, capacity 1080K, committed 1152K, reserved 1048576K
}
Event: 1.565 GC heap before
{Heap before GC invocations=2 (full 0):
 PSYoungGen      total 37888K, used 37878K [0x00000000d6300000, 0x00000000d8d00000, 0x0000000100000000)
  eden space 32768K, 100% used [0x00000000d6300000,0x00000000d8300000,0x00000000d8300000)
  from space 5120K, 99% used [0x00000000d8300000,0x00000000d87fdbf0,0x00000000d8800000)
  to   space 5120K, 0% used [0x00000000d8800000,0x00000000d8800000,0x00000000d8d00000)
 ParOldGen       total 86016K, used 225K [0x0000000082800000, 0x0000000087c00000, 0x00000000d6300000)
  object space 86016K, 0% used [0x0000000082800000,0x00000000828384b8,0x0000000087c00000)
 Metaspace       used 11302K, capacity 11470K, committed 11776K, reserved 1058816K
  class space    used 1391K, capacity 1477K, committed 1536K, reserved 1048576K
Event: 1.575 GC heap after
Heap after GC invocations=2 (full 0):
 PSYoungGen      total 37888K, used 5111K [0x00000000d6300000, 0x00000000dad00000, 0x0000000100000000)
  eden space 32768K, 0% used [0x00000000d6300000,0x00000000d6300000,0x00000000d8300000)
  from space 5120K, 99% used [0x00000000d8800000,0x00000000d8cfde78,0x00000000d8d00000)
  to   space 5120K, 0% used [0x00000000d8300000,0x00000000d8300000,0x00000000d8800000)
 ParOldGen       total 86016K, used 1780K [0x0000000082800000, 0x0000000087c00000, 0x00000000d6300000)
  object space 86016K, 2% used [0x0000000082800000,0x00000000829bd278,0x0000000087c00000)
 Metaspace       used 11302K, capacity 11470K, committed 11776K, reserved 1058816K
  class space    used 1391K, capacity 1477K, committed 1536K, reserved 1048576K
}
Event: 2.824 GC heap before
{Heap before GC invocations=3 (full 0):
 PSYoungGen      total 37888K, used 37879K [0x00000000d6300000, 0x00000000dad00000, 0x0000000100000000)
  eden space 32768K, 100% used [0x00000000d6300000,0x00000000d8300000,0x00000000d8300000)
  from space 5120K, 99% used [0x00000000d8800000,0x00000000d8cfde78,0x00000000d8d00000)
  to   space 5120K, 0% used [0x00000000d8300000,0x00000000d8300000,0x00000000d8800000)
 ParOldGen       total 86016K, used 1780K [0x0000000082800000, 0x0000000087c00000, 0x00000000d6300000)
  object space 86016K, 2% used [0x0000000082800000,0x00000000829bd278,0x0000000087c00000)
 Metaspace       used 15094K, capacity 15252K, committed 15488K, reserved 1062912K
  class space    used 1831K, capacity 1912K, committed 1920K, reserved 1048576K
Event: 2.837 GC heap after
Heap after GC invocations=3 (full 0):
 PSYoungGen      total 37888K, used 5088K [0x00000000d6300000, 0x00000000d8d00000, 0x0000000100000000)
  eden space 32768K, 0% used [0x00000000d6300000,0x00000000d6300000,0x00000000d8300000)
  from space 5120K, 99% used [0x00000000d8300000,0x00000000d87f8020,0x00000000d8800000)
  to   space 5120K, 0% used [0x00000000d8800000,0x00000000d8800000,0x00000000d8d00000)
 ParOldGen       total 86016K, used 4443K [0x0000000082800000, 0x0000000087c00000, 0x00000000d6300000)
  object space 86016K, 5% used [0x0000000082800000,0x0000000082c56c80,0x0000000087c00000)
 Metaspace       used 15094K, capacity 15252K, committed 15488K, reserved 1062912K
  class space    used 1831K, capacity 1912K, committed 1920K, reserved 1048576K
}
Event: 3.395 GC heap before
{Heap before GC invocations=4 (full 0):
 PSYoungGen      total 37888K, used 37856K [0x00000000d6300000, 0x00000000d8d00000, 0x0000000100000000)
  eden space 32768K, 100% used [0x00000000d6300000,0x00000000d8300000,0x00000000d8300000)
  from space 5120K, 99% used [0x00000000d8300000,0x00000000d87f8020,0x00000000d8800000)
  to   space 5120K, 0% used [0x00000000d8800000,0x00000000d8800000,0x00000000d8d00000)
 ParOldGen       total 86016K, used 4443K [0x0000000082800000, 0x0000000087c00000, 0x00000000d6300000)
  object space 86016K, 5% used [0x0000000082800000,0x0000000082c56c80,0x0000000087c00000)
 Metaspace       used 15430K, capacity 15642K, committed 15744K, reserved 1062912K
  class space    used 1835K, capacity 1913K, committed 1920K, reserved 1048576K
Event: 3.407 GC heap after
Heap after GC invocations=4 (full 0):
 PSYoungGen      total 37888K, used 5088K [0x00000000d6300000, 0x00000000dad00000, 0x0000000100000000)
  eden space 32768K, 0% used [0x00000000d6300000,0x00000000d6300000,0x00000000d8300000)
  from space 5120K, 99% used [0x00000000d8800000,0x00000000d8cf8040,0x00000000d8d00000)
  to   space 5120K, 0% used [0x00000000d8300000,0x00000000d8300000,0x00000000d8800000)
 ParOldGen       total 86016K, used 6571K [0x0000000082800000, 0x0000000087c00000, 0x00000000d6300000)
  object space 86016K, 7% used [0x0000000082800000,0x0000000082e6ac80,0x0000000087c00000)
 Metaspace       used 15430K, capacity 15642K, committed 15744K, reserved 1062912K
  class space    used 1835K, capacity 1913K, committed 1920K, reserved 1048576K
}

Deoptimization events (10 events):
Event: 2.538 Thread 0x00000266ec3b3000 Uncommon trap: reason=class_check action=maybe_recompile pc=0x00000266ee1c57ac method=java.util.regex.Pattern$7.isSatisfiedBy(I)Z @ 16
Event: 2.538 Thread 0x00000266ec3b3000 Uncommon trap: reason=class_check action=maybe_recompile pc=0x00000266ee1c57ac method=java.util.regex.Pattern$7.isSatisfiedBy(I)Z @ 16
Event: 2.542 Thread 0x00000266ec3b3000 Uncommon trap: reason=unstable_if action=reinterpret pc=0x00000266edf16f14 method=sun.nio.cs.UTF_8$Decoder.decodeArrayLoop(Ljava/nio/ByteBuffer;Ljava/nio/CharBuffer;)Ljava/nio/charset/CoderResult; @ 84
Event: 2.601 Thread 0x00000266ec3b3000 Uncommon trap: reason=unstable_if action=reinterpret pc=0x00000266ee1f63d0 method=org.codehaus.plexus.util.xml.pull.MXParser.nextImpl()I @ 1161
Event: 2.699 Thread 0x00000266ec3b3000 Uncommon trap: reason=unstable_if action=reinterpret pc=0x00000266ee00cd3c method=java.util.HashMap.hash(Ljava/lang/Object;)I @ 1
Event: 2.699 Thread 0x00000266ec3b3000 Uncommon trap: reason=unstable_if action=reinterpret pc=0x00000266ee01e77c method=java.util.HashMap.hash(Ljava/lang/Object;)I @ 1
Event: 2.699 Thread 0x00000266ec3b3000 Uncommon trap: reason=unstable_if action=reinterpret pc=0x00000266edf3dfa8 method=java.util.HashMap.hash(Ljava/lang/Object;)I @ 1
Event: 2.737 Thread 0x00000266ec3b3000 Uncommon trap: reason=unstable_if action=reinterpret pc=0x00000266ee1caea4 method=org.codehaus.plexus.util.xml.pull.MXParser.isS(C)Z @ 21
Event: 2.792 Thread 0x00000266ec3b3000 Uncommon trap: reason=null_check action=make_not_entrant pc=0x00000266ee29897c method=org.apache.maven.model.io.xpp3.MavenXpp3Reader.checkFieldWithDuplicate(Lorg/codehaus/plexus/util/xml/pull/XmlPullParser;Ljava/lang/String;Ljava/lang/String;Ljava/util/Se
Event: 3.180 Thread 0x00000266ec3b3000 Uncommon trap: reason=unstable_if action=reinterpret pc=0x00000266edfaded8 method=java.lang.String.regionMatches(ZILjava/lang/String;II)Z @ 25

Classes redefined (0 events):
No events

Internal exceptions (10 events):
Event: 2.282 Thread 0x00000266ec3b3000 Exception <a 'java/lang/NullPointerException'> (0x00000000d742b730) thrown at [C:\jenkins\workspace\8-2-build-windows-amd64-cygwin\jdk8u301\1513\hotspot\src\share\vm\interpreter\linkResolver.cpp, line 1185]
Event: 2.282 Thread 0x00000266ec3b3000 Exception <a 'java/lang/NullPointerException'> (0x00000000d742b938) thrown at [C:\jenkins\workspace\8-2-build-windows-amd64-cygwin\jdk8u301\1513\hotspot\src\share\vm\interpreter\linkResolver.cpp, line 1185]
Event: 2.282 Thread 0x00000266ec3b3000 Exception <a 'java/lang/NullPointerException'> (0x00000000d742bb40) thrown at [C:\jenkins\workspace\8-2-build-windows-amd64-cygwin\jdk8u301\1513\hotspot\src\share\vm\interpreter\linkResolver.cpp, line 1185]
Event: 2.283 Thread 0x00000266ec3b3000 Exception <a 'java/lang/NullPointerException'> (0x00000000d7433ec0) thrown at [C:\jenkins\workspace\8-2-build-windows-amd64-cygwin\jdk8u301\1513\hotspot\src\share\vm\interpreter\linkResolver.cpp, line 1185]
Event: 2.283 Thread 0x00000266ec3b3000 Exception <a 'java/lang/NullPointerException'> (0x00000000d74340c8) thrown at [C:\jenkins\workspace\8-2-build-windows-amd64-cygwin\jdk8u301\1513\hotspot\src\share\vm\interpreter\linkResolver.cpp, line 1185]
Event: 2.283 Thread 0x00000266ec3b3000 Exception <a 'java/lang/NullPointerException'> (0x00000000d74342d0) thrown at [C:\jenkins\workspace\8-2-build-windows-amd64-cygwin\jdk8u301\1513\hotspot\src\share\vm\interpreter\linkResolver.cpp, line 1185]
Event: 2.699 Thread 0x00000266ec3b3000 Implicit null exception at 0x00000266ee00c89b to 0x00000266ee00cd21
Event: 2.699 Thread 0x00000266ec3b3000 Implicit null exception at 0x00000266ee01e595 to 0x00000266ee01e76d
Event: 2.699 Thread 0x00000266ec3b3000 Implicit null exception at 0x00000266edf3df2f to 0x00000266edf3df99
Event: 2.792 Thread 0x00000266ec3b3000 Implicit null exception at 0x00000266ee29775d to 0x00000266ee298961

Events (10 events):
Event: 3.395 Executing VM operation: ParallelGCFailedAllocation
Event: 3.407 Executing VM operation: ParallelGCFailedAllocation done
Event: 3.476 Thread 0x00000266ec3b3000 DEOPT PACKING pc=0x00000266ee2bbb7c sp=0x00000095ebdfc1b0
Event: 3.476 Thread 0x00000266ec3b3000 DEOPT UNPACKING pc=0x00000266edca7898 sp=0x00000095ebdfbfc8 mode 0
Event: 3.476 Thread 0x00000266ec3b3000 DEOPT PACKING pc=0x00000266ee2bbb7c sp=0x00000095ebdfbd60
Event: 3.476 Thread 0x00000266ec3b3000 DEOPT UNPACKING pc=0x00000266edca7898 sp=0x00000095ebdfbb78 mode 0
Event: 3.561 loading class java/util/stream/IntStream
Event: 3.561 loading class java/util/stream/BaseStream
Event: 3.561 loading class java/util/stream/BaseStream done
Event: 3.562 loading class java/util/stream/IntStream done


Dynamic libraries:
0x00007ff6a3420000 - 0x00007ff6a3467000 	C:\Program Files\Java\jdk1.8.0_301\bin\java.exe
0x00007ffca9e30000 - 0x00007ffcaa025000 	C:\Windows\SYSTEM32\ntdll.dll
0x00007ffca8070000 - 0x00007ffca812d000 	C:\Windows\System32\KERNEL32.DLL
0x00007ffca75d0000 - 0x00007ffca7898000 	C:\Windows\System32\KERNELBASE.dll
0x00007ffca9a40000 - 0x00007ffca9aec000 	C:\Windows\System32\ADVAPI32.dll
0x00007ffca8ff0000 - 0x00007ffca908e000 	C:\Windows\System32\msvcrt.dll
0x00007ffca94f0000 - 0x00007ffca958b000 	C:\Windows\System32\sechost.dll
0x00007ffca8a50000 - 0x00007ffca8b7b000 	C:\Windows\System32\RPCRT4.dll
0x00007ffca7ed0000 - 0x00007ffca8070000 	C:\Windows\System32\USER32.dll
0x00007ffca7c70000 - 0x00007ffca7c92000 	C:\Windows\System32\win32u.dll
0x00007ffca7ea0000 - 0x00007ffca7eca000 	C:\Windows\System32\GDI32.dll
0x00007ffca7cf0000 - 0x00007ffca7dfb000 	C:\Windows\System32\gdi32full.dll
0x00007ffca7e00000 - 0x00007ffca7e9d000 	C:\Windows\System32\msvcp_win.dll
0x00007ffca78a0000 - 0x00007ffca79a0000 	C:\Windows\System32\ucrtbase.dll
0x00007ffca6960000 - 0x00007ffca6bfa000 	C:\Windows\WinSxS\amd64_microsoft.windows.common-controls_6595b64144ccf1df_6.0.19041.1052_none_60b8f8fd71f5e8cb\COMCTL32.dll
0x00007ffca88f0000 - 0x00007ffca8920000 	C:\Windows\System32\IMM32.DLL
0x00007ffca2460000 - 0x00007ffca2475000 	C:\Program Files\Java\jdk1.8.0_301\jre\bin\vcruntime140.dll
0x00007ffc884f0000 - 0x00007ffc8858b000 	C:\Program Files\Java\jdk1.8.0_301\jre\bin\msvcp140.dll
0x0000000065f70000 - 0x00000000667d0000 	C:\Program Files\Java\jdk1.8.0_301\jre\bin\server\jvm.dll
0x00007ffca9430000 - 0x00007ffca9438000 	C:\Windows\System32\PSAPI.DLL
0x00007ffc8c020000 - 0x00007ffc8c029000 	C:\Windows\SYSTEM32\WSOCK32.dll
0x00007ffc8edd0000 - 0x00007ffc8edf7000 	C:\Windows\SYSTEM32\WINMM.dll
0x00007ffc97880000 - 0x00007ffc9788a000 	C:\Windows\SYSTEM32\VERSION.dll
0x00007ffca9bc0000 - 0x00007ffca9c2b000 	C:\Windows\System32\WS2_32.dll
0x00007ffca46f0000 - 0x00007ffca4702000 	C:\Windows\SYSTEM32\kernel.appcore.dll
0x00007ffca23c0000 - 0x00007ffca23d0000 	C:\Program Files\Java\jdk1.8.0_301\jre\bin\verify.dll
0x00007ffca2390000 - 0x00007ffca23bb000 	C:\Program Files\Java\jdk1.8.0_301\jre\bin\java.dll
0x00007ffca2370000 - 0x00007ffca2388000 	C:\Program Files\Java\jdk1.8.0_301\jre\bin\zip.dll
0x00007ffca8130000 - 0x00007ffca886f000 	C:\Windows\System32\SHELL32.dll
0x00007ffca48f0000 - 0x00007ffca5080000 	C:\Windows\SYSTEM32\windows.storage.dll
0x00007ffca9590000 - 0x00007ffca98e5000 	C:\Windows\System32\combase.dll
0x00007ffca68f0000 - 0x00007ffca691c000 	C:\Windows\SYSTEM32\Wldp.dll
0x00007ffca9380000 - 0x00007ffca942e000 	C:\Windows\System32\SHCORE.dll
0x00007ffca99e0000 - 0x00007ffca9a35000 	C:\Windows\System32\shlwapi.dll
0x00007ffca74b0000 - 0x00007ffca74cf000 	C:\Windows\SYSTEM32\profapi.dll
0x00007ffca2360000 - 0x00007ffca236a000 	C:\Users\Fess\IdeaProjects\apache-maven-3.8.1\lib\jansi-native\windows64\jansi.dll
0x00007ffca6fa0000 - 0x00007ffca7184000 	C:\Windows\SYSTEM32\dbghelp.dll
0x00007ffca7b00000 - 0x00007ffca7b83000 	C:\Windows\System32\bcryptPrimitives.dll

VM Arguments:
jvm_args: -Dclassworlds.conf=C:\Users\Fess\IdeaProjects\apache-maven-3.8.1\bin\..\bin\m2.conf -Dmaven.home=C:\Users\Fess\IdeaProjects\apache-maven-3.8.1\bin\.. -Dlibrary.jansi.path=C:\Users\Fess\IdeaProjects\apache-maven-3.8.1\bin\..\lib\jansi-native -Dmaven.multiModuleProjectDirectory=C:\Users\Fess\IdeaProjects\LastProject 
java_command: org.codehaus.plexus.classworlds.launcher.Launcher allure:serve
java_class_path (initial): C:\Users\Fess\IdeaProjects\apache-maven-3.8.1\bin\..\boot\plexus-classworlds-2.6.0.jar
Launcher Type: SUN_STANDARD

Environment Variables:
JAVA_HOME=C:\Program Files\Java\jdk1.8.0_301
PATH=C:\Program Files\Common Files\Oracle\Java\javapath;C:\PROGRAM FILES\BROADCOM\BROADCOM 802.11 NETWORK ADAPTER;C:\PROGRAM FILES (X86)\NVIDIA CORPORATION\PHYSX\COMMON;C:\PROGRAM FILES (X86)\INTEL\ICLS CLIENT\;C:\PROGRAM FILES\INTEL\ICLS CLIENT\;C:\Windows\SYSTEM32;C:\Windows;C:\Windows\SYSTEM32\WBEM;C:\Windows\SYSTEM32\WINDOWSPOWERSHELL\V1.0\;C:\Windows\SYSTEM32\OPENSSH\;C:\PROGRAM FILES\GIT\CMD;C:\PROGRAM FILES\INTEL\INTEL(R) MANAGEMENT ENGINE COMPONENTS\DAL;C:\PROGRAM FILES\INTEL\INTEL(R) MANAGEMENT ENGINE COMPONENTS\IPT;C:\PROGRAM FILES (X86)\INTEL\INTEL(R) MANAGEMENT ENGINE COMPONENTS\DAL;C:\PROGRAM FILES (X86)\INTEL\INTEL(R) MANAGEMENT ENGINE COMPONENTS\IPT;C:\Program Files\Java\jdk1.8.0_301\bin;C:\Users\Fess\IdeaProjects\apache-maven-3.8.1\bin;C:\Program Files\MySQL\MySQL Shell 8.0\bin\;C:\Users\Fess\AppData\Local\Microsoft\WindowsApps;C:\Users\Fess\IdeaProjects\allure-2.14.0\bin;%MAVEN_HOME$;C:\Program Files\Java\jdk1.8.0_301\bin;;C:\Program Files\JetBrains\IntelliJ IDEA Community Edition 2020.3.1\bin;
USERNAME=Fess
OS=Windows_NT
PROCESSOR_IDENTIFIER=Intel64 Family 6 Model 58 Stepping 9, GenuineIntel



---------------  S Y S T E M  ---------------

OS: Windows 10.0 , 64 bit Build 19041 (10.0.19041.1023)

CPU:total 8 (initial active 8) (4 cores per cpu, 2 threads per core) family 6 model 58 stepping 9, cmov, cx8, fxsr, mmx, sse, sse2, sse3, ssse3, sse4.1, sse4.2, popcnt, avx, aes, clmul, erms, ht, tsc, tscinvbit, tscinv

Memory: 4k page, physical 8223080k(1255036k free), swap 12417384k(3685560k free)

vm_info: Java HotSpot(TM) 64-Bit Server VM (25.301-b09) for windows-amd64 JRE (1.8.0_301-b09), built on Jun  9 2021 06:46:21 by "java_re" with MS VC++ 15.9 (VS2017)

time: Fri Sep 17 19:51:02 2021
timezone: RTZ 2 (зима)
elapsed time: 3.633316 seconds (0d 0h 0m 3s)

