#
# A fatal error has been detected by the Java Runtime Environment:
#
#  EXCEPTION_ACCESS_VIOLATION (0xc0000005) at pc=0x00000000663e2f20, pid=15084, tid=0x00000000000039c4
#
# JRE version: Java(TM) SE Runtime Environment (8.0_301-b09) (build 1.8.0_301-b09)
# Java VM: Java HotSpot(TM) 64-Bit Server VM (25.301-b09 mixed mode windows-amd64 compressed oops)
# Problematic frame:
# V  [jvm.dll+0x472f20]
#
# Failed to write core dump. Minidumps are not enabled by default on client versions of Windows
#
# If you would like to submit a bug report, please visit:
#   http://bugreport.java.com/bugreport/crash.jsp
#

---------------  T H R E A D  ---------------

Current thread (0x00000150693a2800):  JavaThread "C2 CompilerThread1" daemon [_thread_in_native, id=14788, stack(0x00000006f0600000,0x00000006f0700000)]

siginfo: ExceptionCode=0xc0000005, reading address 0x0000000062758720

Registers:
RAX=0x0000000000000000, RBX=0x000001506d99aff0, RCX=0x0000000000000000, RDX=0x0000000000000008
RSP=0x00000006f06fb090, RBP=0x00000006f06fb1b0, RSI=0x0000000000000032, RDI=0x00000006f06fb0f0
R8 =0x0000000062758720, R9 =0x000001506b248380, R10=0x0000000065f70000, R11=0x00000006f06fb030
R12=0x0000000065f70000, R13=0x00000150693e63b0, R14=0x0000000000000032, R15=0x0000000066758720
RIP=0x00000000663e2f20, EFLAGS=0x0000000000010246

Top of Stack: (sp=0x00000006f06fb090)
0x00000006f06fb090:   0000000000003840 00000000663e305f
0x00000006f06fb0a0:   00000006f06fd8a0 000001506d8fb130
0x00000006f06fb0b0:   0000000066758720 0000000000000000
0x00000006f06fb0c0:   0000000000003840 00000000663de750
0x00000006f06fb0d0:   000001506d99aff0 00000006f06fb1b0
0x00000006f06fb0e0:   0000000000003840 0000000000000000
0x00000006f06fb0f0:   0000109e00000000 0000000000000005
0x00000006f06fb100:   0000000062758720 0000000000000011
0x00000006f06fb110:   000001506b94f730 000000000000003b
0x00000006f06fb120:   000001506db27850 00000006f06fb5b8
0x00000006f06fb130:   00000150693e63a0 00000006f06fb5b8
0x00000006f06fb140:   00000006f06fb250 00000000663a7c83
0x00000006f06fb150:   00000006f06fb4d0 0000000000000000
0x00000006f06fb160:   00000000000003d8 0000000000000001
0x00000006f06fb170:   0000000600000006 00000150693e63a0
0x00000006f06fb180:   000001506bf9f280 000001506bfa2bf0 

Instructions: (pc=0x00000000663e2f20)
0x00000000663e2f00:   48 8b 47 20 44 8b f6 4e 8b 04 f0 4d 3b c7 0f 84
0x00000000663e2f10:   83 00 00 00 33 c0 4c 89 47 10 33 c9 0f 1f 40 00
0x00000000663e2f20:   42 83 3c 01 00 8d 50 01 0f 85 c9 00 00 00 48 83
0x00000000663e2f30:   c1 04 8b c2 83 fa 08 72 e7 48 8b 6f 30 48 85 ed 


Register to memory mapping:

RAX=0x0000000000000000 is an unknown value
RBX=0x000001506d99aff0 is an unknown value
RCX=0x0000000000000000 is an unknown value
RDX=0x0000000000000008 is an unknown value
RSP=0x00000006f06fb090 is pointing into the stack for thread: 0x00000150693a2800
RBP=0x00000006f06fb1b0 is pointing into the stack for thread: 0x00000150693a2800
RSI=0x0000000000000032 is an unknown value
RDI=0x00000006f06fb0f0 is pointing into the stack for thread: 0x00000150693a2800
R8 =0x0000000062758720 is an unknown value
R9 =0x000001506b248380 is an unknown value
R10=0x0000000065f70000 is an unknown value
R11=0x00000006f06fb030 is pointing into the stack for thread: 0x00000150693a2800
R12=0x0000000065f70000 is an unknown value
R13=0x00000150693e63b0 is an unknown value
R14=0x0000000000000032 is an unknown value
R15=0x0000000066758720 is an unknown value


Stack: [0x00000006f0600000,0x00000006f0700000],  sp=0x00000006f06fb090,  free space=1004k
Native frames: (J=compiled Java code, j=interpreted, Vv=VM code, C=native code)
V  [jvm.dll+0x472f20]
V  [jvm.dll+0x46e750]
V  [jvm.dll+0x437c83]
V  [jvm.dll+0x440c55]
V  [jvm.dll+0x440015]
V  [jvm.dll+0x42ae57]
V  [jvm.dll+0xac1bb]
V  [jvm.dll+0xaa81b]
V  [jvm.dll+0x23ddc2]
V  [jvm.dll+0x2923dc]
C  [ucrtbase.dll+0x21bb2]
C  [KERNEL32.DLL+0x17034]
C  [ntdll.dll+0x52651]


Current CompileTask:
C2:   2813 1586       4       java.net.URLClassLoader$1::run (5 bytes)


---------------  P R O C E S S  ---------------

Java Threads: ( => current thread )
  0x000001506941e000 JavaThread "Service Thread" daemon [_thread_blocked, id=14824, stack(0x00000006f0900000,0x00000006f0a00000)]
  0x00000150693b2800 JavaThread "C1 CompilerThread3" daemon [_thread_in_vm, id=14704, stack(0x00000006f0800000,0x00000006f0900000)]
  0x00000150693ab000 JavaThread "C2 CompilerThread2" daemon [_thread_in_native, id=14900, stack(0x00000006f0700000,0x00000006f0800000)]
=>0x00000150693a2800 JavaThread "C2 CompilerThread1" daemon [_thread_in_native, id=14788, stack(0x00000006f0600000,0x00000006f0700000)]
  0x000001506939c800 JavaThread "C2 CompilerThread0" daemon [_thread_in_native, id=15028, stack(0x00000006f0500000,0x00000006f0600000)]
  0x000001506939b000 JavaThread "Attach Listener" daemon [_thread_blocked, id=14920, stack(0x00000006f0400000,0x00000006f0500000)]
  0x000001506939a000 JavaThread "Signal Dispatcher" daemon [_thread_blocked, id=14852, stack(0x00000006f0300000,0x00000006f0400000)]
  0x0000015069370000 JavaThread "Finalizer" daemon [_thread_blocked, id=14872, stack(0x00000006f0200000,0x00000006f0300000)]
  0x0000015069369000 JavaThread "Reference Handler" daemon [_thread_blocked, id=14884, stack(0x00000006f0100000,0x00000006f0200000)]
  0x0000015052731800 JavaThread "main" [_thread_in_Java, id=15128, stack(0x00000006ef700000,0x00000006ef800000)]

Other Threads:
  0x000001506877e800 VMThread [stack: 0x00000006f0000000,0x00000006f0100000] [id=14868]
  0x000001506a785000 WatcherThread [stack: 0x00000006f0a00000,0x00000006f0b00000] [id=14820]

VM state:not at safepoint (normal execution)

VM Mutex/Monitor currently owned by a thread: None

heap address: 0x0000000082800000, size: 2008 MB, Compressed Oops mode: 32-bit
Narrow klass base: 0x0000000000000000, Narrow klass shift: 3
Compressed class space size: 1073741824 Address: 0x0000000100000000

Heap:
 PSYoungGen      total 37888K, used 23555K [0x00000000d6300000, 0x00000000dad00000, 0x0000000100000000)
  eden space 32768K, 56% used [0x00000000d6300000,0x00000000d7508fc8,0x00000000d8300000)
  from space 5120K, 99% used [0x00000000d8300000,0x00000000d87f8020,0x00000000d8800000)
  to   space 5120K, 0% used [0x00000000da800000,0x00000000da800000,0x00000000dad00000)
 ParOldGen       total 86016K, used 4606K [0x0000000082800000, 0x0000000087c00000, 0x00000000d6300000)
  object space 86016K, 5% used [0x0000000082800000,0x0000000082c7faf8,0x0000000087c00000)
 Metaspace       used 15260K, capacity 15444K, committed 15744K, reserved 1062912K
  class space    used 1833K, capacity 1912K, committed 1920K, reserved 1048576K

Card table byte_map: [0x0000015063540000,0x0000015063930000] byte_map_base: 0x000001506312c000

Marking Bits: (ParMarkBitMap*) 0x0000000066757fe0
 Begin Bits: [0x0000015063bd0000, 0x0000015065b30000)
 End Bits:   [0x0000015065b30000, 0x0000015067a90000)

Polling page: 0x0000015052930000

CodeCache: size=245760Kb used=7421Kb max_used=7421Kb free=238338Kb
 bounds [0x0000015054180000, 0x00000150548d0000, 0x0000015063180000]
 total_blobs=2571 nmethods=2221 adapters=262
 compilation: enabled

Compilation events (10 events):
Event: 2.774 Thread 0x00000150693b2800 2184       3       org.apache.maven.model.PluginExecution::<init> (16 bytes)
Event: 2.775 Thread 0x00000150693b2800 nmethod 2184 0x00000150548a0b50 code [0x00000150548a0cc0, 0x00000150548a0ef8]
Event: 2.775 Thread 0x00000150693b2800 2183       3       org.apache.maven.model.Dependency::setScope (6 bytes)
Event: 2.775 Thread 0x00000150693b2800 nmethod 2183 0x00000150548a0810 code [0x00000150548a0960, 0x00000150548a0ad8]
Event: 2.775 Thread 0x00000150693b2800 2185       1       java.lang.Integer::intValue (5 bytes)
Event: 2.775 Thread 0x00000150693b2800 nmethod 2185 0x00000150548a0550 code [0x00000150548a06a0, 0x00000150548a07b8]
Event: 2.775 Thread 0x00000150693b2800 2186       3       org.apache.maven.model.BuildBase::getResources (23 bytes)
Event: 2.775 Thread 0x00000150693b2800 nmethod 2186 0x00000150548a43d0 code [0x00000150548a4540, 0x00000150548a48d8]
Event: 2.776 Thread 0x00000150693b2800 2187       3       org.eclipse.aether.RequestTrace::newChild (19 bytes)
Event: 2.777 Thread 0x00000150693b2800 nmethod 2187 0x00000150548a3b10 code [0x00000150548a3ca0, 0x00000150548a4158]

GC Heap History (6 events):
Event: 0.887 GC heap before
{Heap before GC invocations=1 (full 0):
 PSYoungGen      total 37888K, used 32768K [0x00000000d6300000, 0x00000000d8d00000, 0x0000000100000000)
  eden space 32768K, 100% used [0x00000000d6300000,0x00000000d8300000,0x00000000d8300000)
  from space 5120K, 0% used [0x00000000d8800000,0x00000000d8800000,0x00000000d8d00000)
  to   space 5120K, 0% used [0x00000000d8300000,0x00000000d8300000,0x00000000d8800000)
 ParOldGen       total 86016K, used 0K [0x0000000082800000, 0x0000000087c00000, 0x00000000d6300000)
  object space 86016K, 0% used [0x0000000082800000,0x0000000082800000,0x0000000087c00000)
 Metaspace       used 8196K, capacity 8412K, committed 8576K, reserved 1056768K
  class space    used 991K, capacity 1080K, committed 1152K, reserved 1048576K
Event: 0.892 GC heap after
Heap after GC invocations=1 (full 0):
 PSYoungGen      total 37888K, used 5096K [0x00000000d6300000, 0x00000000d8d00000, 0x0000000100000000)
  eden space 32768K, 0% used [0x00000000d6300000,0x00000000d6300000,0x00000000d8300000)
  from space 5120K, 99% used [0x00000000d8300000,0x00000000d87fa0b8,0x00000000d8800000)
  to   space 5120K, 0% used [0x00000000d8800000,0x00000000d8800000,0x00000000d8d00000)
 ParOldGen       total 86016K, used 329K [0x0000000082800000, 0x0000000087c00000, 0x00000000d6300000)
  object space 86016K, 0% used [0x0000000082800000,0x00000000828526d0,0x0000000087c00000)
 Metaspace       used 8196K, capacity 8412K, committed 8576K, reserved 1056768K
  class space    used 991K, capacity 1080K, committed 1152K, reserved 1048576K
}
Event: 1.392 GC heap before
{Heap before GC invocations=2 (full 0):
 PSYoungGen      total 37888K, used 37864K [0x00000000d6300000, 0x00000000d8d00000, 0x0000000100000000)
  eden space 32768K, 100% used [0x00000000d6300000,0x00000000d8300000,0x00000000d8300000)
  from space 5120K, 99% used [0x00000000d8300000,0x00000000d87fa0b8,0x00000000d8800000)
  to   space 5120K, 0% used [0x00000000d8800000,0x00000000d8800000,0x00000000d8d00000)
 ParOldGen       total 86016K, used 329K [0x0000000082800000, 0x0000000087c00000, 0x00000000d6300000)
  object space 86016K, 0% used [0x0000000082800000,0x00000000828526d0,0x0000000087c00000)
 Metaspace       used 11285K, capacity 11470K, committed 11776K, reserved 1058816K
  class space    used 1390K, capacity 1477K, committed 1536K, reserved 1048576K
Event: 1.401 GC heap after
Heap after GC invocations=2 (full 0):
 PSYoungGen      total 37888K, used 5097K [0x00000000d6300000, 0x00000000dad00000, 0x0000000100000000)
  eden space 32768K, 0% used [0x00000000d6300000,0x00000000d6300000,0x00000000d8300000)
  from space 5120K, 99% used [0x00000000d8800000,0x00000000d8cfa7c8,0x00000000d8d00000)
  to   space 5120K, 0% used [0x00000000d8300000,0x00000000d8300000,0x00000000d8800000)
 ParOldGen       total 86016K, used 1958K [0x0000000082800000, 0x0000000087c00000, 0x00000000d6300000)
  object space 86016K, 2% used [0x0000000082800000,0x00000000829e9a38,0x0000000087c00000)
 Metaspace       used 11285K, capacity 11470K, committed 11776K, reserved 1058816K
  class space    used 1390K, capacity 1477K, committed 1536K, reserved 1048576K
}
Event: 2.481 GC heap before
{Heap before GC invocations=3 (full 0):
 PSYoungGen      total 37888K, used 37865K [0x00000000d6300000, 0x00000000dad00000, 0x0000000100000000)
  eden space 32768K, 100% used [0x00000000d6300000,0x00000000d8300000,0x00000000d8300000)
  from space 5120K, 99% used [0x00000000d8800000,0x00000000d8cfa7c8,0x00000000d8d00000)
  to   space 5120K, 0% used [0x00000000d8300000,0x00000000d8300000,0x00000000d8800000)
 ParOldGen       total 86016K, used 1958K [0x0000000082800000, 0x0000000087c00000, 0x00000000d6300000)
  object space 86016K, 2% used [0x0000000082800000,0x00000000829e9a38,0x0000000087c00000)
 Metaspace       used 15091K, capacity 15252K, committed 15488K, reserved 1062912K
  class space    used 1831K, capacity 1912K, committed 1920K, reserved 1048576K
Event: 2.491 GC heap after
Heap after GC invocations=3 (full 0):
 PSYoungGen      total 37888K, used 5088K [0x00000000d6300000, 0x00000000dad00000, 0x0000000100000000)
  eden space 32768K, 0% used [0x00000000d6300000,0x00000000d6300000,0x00000000d8300000)
  from space 5120K, 99% used [0x00000000d8300000,0x00000000d87f8020,0x00000000d8800000)
  to   space 5120K, 0% used [0x00000000da800000,0x00000000da800000,0x00000000dad00000)
 ParOldGen       total 86016K, used 4606K [0x0000000082800000, 0x0000000087c00000, 0x00000000d6300000)
  object space 86016K, 5% used [0x0000000082800000,0x0000000082c7faf8,0x0000000087c00000)
 Metaspace       used 15091K, capacity 15252K, committed 15488K, reserved 1062912K
  class space    used 1831K, capacity 1912K, committed 1920K, reserved 1048576K
}

Deoptimization events (10 events):
Event: 2.200 Thread 0x0000015052731800 Uncommon trap: reason=class_check action=maybe_recompile pc=0x00000150546bc5a8 method=java.util.regex.Pattern$7.isSatisfiedBy(I)Z @ 16
Event: 2.200 Thread 0x0000015052731800 Uncommon trap: reason=class_check action=maybe_recompile pc=0x00000150546bc5a8 method=java.util.regex.Pattern$7.isSatisfiedBy(I)Z @ 16
Event: 2.200 Thread 0x0000015052731800 Uncommon trap: reason=class_check action=maybe_recompile pc=0x00000150546bc5a8 method=java.util.regex.Pattern$7.isSatisfiedBy(I)Z @ 16
Event: 2.203 Thread 0x0000015052731800 Uncommon trap: reason=unstable_if action=reinterpret pc=0x0000015054432614 method=sun.nio.cs.UTF_8$Decoder.decodeArrayLoop(Ljava/nio/ByteBuffer;Ljava/nio/CharBuffer;)Ljava/nio/charset/CoderResult; @ 84
Event: 2.250 Thread 0x0000015052731800 Uncommon trap: reason=unstable_if action=reinterpret pc=0x0000015054709aa8 method=org.codehaus.plexus.util.xml.pull.MXParser.nextImpl()I @ 1161
Event: 2.341 Thread 0x0000015052731800 Uncommon trap: reason=unstable_if action=reinterpret pc=0x0000015054527df0 method=java.util.HashMap.hash(Ljava/lang/Object;)I @ 1
Event: 2.342 Thread 0x0000015052731800 Uncommon trap: reason=unstable_if action=reinterpret pc=0x0000015054533234 method=java.util.HashMap.hash(Ljava/lang/Object;)I @ 1
Event: 2.342 Thread 0x0000015052731800 Uncommon trap: reason=unstable_if action=reinterpret pc=0x000001505449e868 method=java.util.HashMap.hash(Ljava/lang/Object;)I @ 1
Event: 2.386 Thread 0x0000015052731800 Uncommon trap: reason=unstable_if action=reinterpret pc=0x00000150546efd24 method=org.codehaus.plexus.util.xml.pull.MXParser.isS(C)Z @ 21
Event: 2.451 Thread 0x0000015052731800 Uncommon trap: reason=null_check action=make_not_entrant pc=0x00000150547acd78 method=org.apache.maven.model.io.xpp3.MavenXpp3Reader.checkFieldWithDuplicate(Lorg/codehaus/plexus/util/xml/pull/XmlPullParser;Ljava/lang/String;Ljava/lang/String;Ljava/util/Se

Classes redefined (0 events):
No events

Internal exceptions (10 events):
Event: 1.969 Thread 0x0000015052731800 Exception <a 'java/lang/NullPointerException'> (0x00000000d743c410) thrown at [C:\jenkins\workspace\8-2-build-windows-amd64-cygwin\jdk8u301\1513\hotspot\src\share\vm\interpreter\linkResolver.cpp, line 1185]
Event: 1.969 Thread 0x0000015052731800 Exception <a 'java/lang/NullPointerException'> (0x00000000d743c618) thrown at [C:\jenkins\workspace\8-2-build-windows-amd64-cygwin\jdk8u301\1513\hotspot\src\share\vm\interpreter\linkResolver.cpp, line 1185]
Event: 1.969 Thread 0x0000015052731800 Exception <a 'java/lang/NullPointerException'> (0x00000000d743c820) thrown at [C:\jenkins\workspace\8-2-build-windows-amd64-cygwin\jdk8u301\1513\hotspot\src\share\vm\interpreter\linkResolver.cpp, line 1185]
Event: 1.970 Thread 0x0000015052731800 Exception <a 'java/lang/NullPointerException'> (0x00000000d7444ba0) thrown at [C:\jenkins\workspace\8-2-build-windows-amd64-cygwin\jdk8u301\1513\hotspot\src\share\vm\interpreter\linkResolver.cpp, line 1185]
Event: 1.970 Thread 0x0000015052731800 Exception <a 'java/lang/NullPointerException'> (0x00000000d7444da8) thrown at [C:\jenkins\workspace\8-2-build-windows-amd64-cygwin\jdk8u301\1513\hotspot\src\share\vm\interpreter\linkResolver.cpp, line 1185]
Event: 1.970 Thread 0x0000015052731800 Exception <a 'java/lang/NullPointerException'> (0x00000000d7444fb0) thrown at [C:\jenkins\workspace\8-2-build-windows-amd64-cygwin\jdk8u301\1513\hotspot\src\share\vm\interpreter\linkResolver.cpp, line 1185]
Event: 2.341 Thread 0x0000015052731800 Implicit null exception at 0x000001505452795b to 0x0000015054527dd5
Event: 2.342 Thread 0x0000015052731800 Implicit null exception at 0x0000015054533055 to 0x0000015054533225
Event: 2.342 Thread 0x0000015052731800 Implicit null exception at 0x000001505449e7ef to 0x000001505449e859
Event: 2.451 Thread 0x0000015052731800 Implicit null exception at 0x00000150547abb5d to 0x00000150547acd5d

Events (10 events):
Event: 2.455 Thread 0x0000015052731800 DEOPT PACKING pc=0x000001505477bbe2 sp=0x00000006ef7fcd30
Event: 2.455 Thread 0x0000015052731800 DEOPT UNPACKING pc=0x00000150541c7898 sp=0x00000006ef7fcac8 mode 0
Event: 2.477 Thread 0x0000015052731800 DEOPT PACKING pc=0x000001505477bbe2 sp=0x00000006ef7fcbf0
Event: 2.477 Thread 0x0000015052731800 DEOPT UNPACKING pc=0x00000150541c7898 sp=0x00000006ef7fc988 mode 0
Event: 2.481 Executing VM operation: ParallelGCFailedAllocation
Event: 2.491 Executing VM operation: ParallelGCFailedAllocation done
Event: 2.670 loading class org/eclipse/aether/graph/Dependency$Exclusions$1
Event: 2.670 loading class org/eclipse/aether/graph/Dependency$Exclusions$1 done
Event: 2.671 loading class org/eclipse/aether/util/graph/selector/ExclusionDependencySelector$ExclusionComparator
Event: 2.671 loading class org/eclipse/aether/util/graph/selector/ExclusionDependencySelector$ExclusionComparator done


Dynamic libraries:
0x00007ff6a3420000 - 0x00007ff6a3467000 	C:\Program Files\Java\jdk1.8.0_301\bin\java.exe
0x00007ffca9e30000 - 0x00007ffcaa025000 	C:\Windows\SYSTEM32\ntdll.dll
0x00007ffca8070000 - 0x00007ffca812d000 	C:\Windows\System32\KERNEL32.DLL
0x00007ffca75d0000 - 0x00007ffca7898000 	C:\Windows\System32\KERNELBASE.dll
0x00007ffca9a40000 - 0x00007ffca9aec000 	C:\Windows\System32\ADVAPI32.dll
0x00007ffca8ff0000 - 0x00007ffca908e000 	C:\Windows\System32\msvcrt.dll
0x00007ffca94f0000 - 0x00007ffca958b000 	C:\Windows\System32\sechost.dll
0x00007ffca8a50000 - 0x00007ffca8b7b000 	C:\Windows\System32\RPCRT4.dll
0x00007ffca7ed0000 - 0x00007ffca8070000 	C:\Windows\System32\USER32.dll
0x00007ffca7c70000 - 0x00007ffca7c92000 	C:\Windows\System32\win32u.dll
0x00007ffca7ea0000 - 0x00007ffca7eca000 	C:\Windows\System32\GDI32.dll
0x00007ffca7cf0000 - 0x00007ffca7dfb000 	C:\Windows\System32\gdi32full.dll
0x00007ffca7e00000 - 0x00007ffca7e9d000 	C:\Windows\System32\msvcp_win.dll
0x00007ffca78a0000 - 0x00007ffca79a0000 	C:\Windows\System32\ucrtbase.dll
0x00007ffca6960000 - 0x00007ffca6bfa000 	C:\Windows\WinSxS\amd64_microsoft.windows.common-controls_6595b64144ccf1df_6.0.19041.1052_none_60b8f8fd71f5e8cb\COMCTL32.dll
0x00007ffca88f0000 - 0x00007ffca8920000 	C:\Windows\System32\IMM32.DLL
0x00007ffca2460000 - 0x00007ffca2475000 	C:\Program Files\Java\jdk1.8.0_301\jre\bin\vcruntime140.dll
0x00007ffc8c4e0000 - 0x00007ffc8c57b000 	C:\Program Files\Java\jdk1.8.0_301\jre\bin\msvcp140.dll
0x0000000065f70000 - 0x00000000667d0000 	C:\Program Files\Java\jdk1.8.0_301\jre\bin\server\jvm.dll
0x00007ffca9430000 - 0x00007ffca9438000 	C:\Windows\System32\PSAPI.DLL
0x00007ffc8edd0000 - 0x00007ffc8edf7000 	C:\Windows\SYSTEM32\WINMM.dll
0x00007ffc8c020000 - 0x00007ffc8c029000 	C:\Windows\SYSTEM32\WSOCK32.dll
0x00007ffc97880000 - 0x00007ffc9788a000 	C:\Windows\SYSTEM32\VERSION.dll
0x00007ffca9bc0000 - 0x00007ffca9c2b000 	C:\Windows\System32\WS2_32.dll
0x00007ffca46f0000 - 0x00007ffca4702000 	C:\Windows\SYSTEM32\kernel.appcore.dll
0x00007ffca5510000 - 0x00007ffca5520000 	C:\Program Files\Java\jdk1.8.0_301\jre\bin\verify.dll
0x00007ffca2360000 - 0x00007ffca238b000 	C:\Program Files\Java\jdk1.8.0_301\jre\bin\java.dll
0x00007ffca17c0000 - 0x00007ffca17d8000 	C:\Program Files\Java\jdk1.8.0_301\jre\bin\zip.dll
0x00007ffca8130000 - 0x00007ffca886f000 	C:\Windows\System32\SHELL32.dll
0x00007ffca48f0000 - 0x00007ffca5080000 	C:\Windows\SYSTEM32\windows.storage.dll
0x00007ffca9590000 - 0x00007ffca98e5000 	C:\Windows\System32\combase.dll
0x00007ffca68f0000 - 0x00007ffca691c000 	C:\Windows\SYSTEM32\Wldp.dll
0x00007ffca9380000 - 0x00007ffca942e000 	C:\Windows\System32\SHCORE.dll
0x00007ffca99e0000 - 0x00007ffca9a35000 	C:\Windows\System32\shlwapi.dll
0x00007ffca74b0000 - 0x00007ffca74cf000 	C:\Windows\SYSTEM32\profapi.dll
0x00007ffca2350000 - 0x00007ffca235a000 	C:\Users\Fess\IdeaProjects\apache-maven-3.8.1\lib\jansi-native\windows64\jansi.dll
0x00007ffca6fa0000 - 0x00007ffca7184000 	C:\Windows\SYSTEM32\dbghelp.dll
0x00007ffca7b00000 - 0x00007ffca7b83000 	C:\Windows\System32\bcryptPrimitives.dll

VM Arguments:
jvm_args: -Dclassworlds.conf=C:\Users\Fess\IdeaProjects\apache-maven-3.8.1\bin\..\bin\m2.conf -Dmaven.home=C:\Users\Fess\IdeaProjects\apache-maven-3.8.1\bin\.. -Dlibrary.jansi.path=C:\Users\Fess\IdeaProjects\apache-maven-3.8.1\bin\..\lib\jansi-native -Dmaven.multiModuleProjectDirectory=C:\Users\Fess\IdeaProjects\LastProject 
java_command: org.codehaus.plexus.classworlds.launcher.Launcher allure:serve
java_class_path (initial): C:\Users\Fess\IdeaProjects\apache-maven-3.8.1\bin\..\boot\plexus-classworlds-2.6.0.jar
Launcher Type: SUN_STANDARD

Environment Variables:
JAVA_HOME=C:\Program Files\Java\jdk1.8.0_301
PATH=C:\Program Files\Common Files\Oracle\Java\javapath;C:\PROGRAM FILES\BROADCOM\BROADCOM 802.11 NETWORK ADAPTER;C:\PROGRAM FILES (X86)\NVIDIA CORPORATION\PHYSX\COMMON;C:\PROGRAM FILES (X86)\INTEL\ICLS CLIENT\;C:\PROGRAM FILES\INTEL\ICLS CLIENT\;C:\Windows\SYSTEM32;C:\Windows;C:\Windows\SYSTEM32\WBEM;C:\Windows\SYSTEM32\WINDOWSPOWERSHELL\V1.0\;C:\Windows\SYSTEM32\OPENSSH\;C:\PROGRAM FILES\GIT\CMD;C:\PROGRAM FILES\INTEL\INTEL(R) MANAGEMENT ENGINE COMPONENTS\DAL;C:\PROGRAM FILES\INTEL\INTEL(R) MANAGEMENT ENGINE COMPONENTS\IPT;C:\PROGRAM FILES (X86)\INTEL\INTEL(R) MANAGEMENT ENGINE COMPONENTS\DAL;C:\PROGRAM FILES (X86)\INTEL\INTEL(R) MANAGEMENT ENGINE COMPONENTS\IPT;C:\Program Files\Java\jdk1.8.0_301\bin;C:\Users\Fess\IdeaProjects\apache-maven-3.8.1\bin;C:\Program Files\MySQL\MySQL Shell 8.0\bin\;C:\Users\Fess\AppData\Local\Microsoft\WindowsApps;C:\Users\Fess\IdeaProjects\allure-2.14.0\bin;%MAVEN_HOME$;C:\Program Files\Java\jdk1.8.0_301\bin;;C:\Program Files\JetBrains\IntelliJ IDEA Community Edition 2020.3.1\bin;
USERNAME=Fess
OS=Windows_NT
PROCESSOR_IDENTIFIER=Intel64 Family 6 Model 58 Stepping 9, GenuineIntel



---------------  S Y S T E M  ---------------

OS: Windows 10.0 , 64 bit Build 19041 (10.0.19041.1023)

CPU:total 8 (initial active 8) (4 cores per cpu, 2 threads per core) family 6 model 58 stepping 9, cmov, cx8, fxsr, mmx, sse, sse2, sse3, ssse3, sse4.1, sse4.2, popcnt, avx, aes, clmul, erms, ht, tsc, tscinvbit, tscinv

Memory: 4k page, physical 8223080k(1756280k free), swap 12417384k(3539200k free)

vm_info: Java HotSpot(TM) 64-Bit Server VM (25.301-b09) for windows-amd64 JRE (1.8.0_301-b09), built on Jun  9 2021 06:46:21 by "java_re" with MS VC++ 15.9 (VS2017)

time: Fri Sep 17 19:59:37 2021
timezone: RTZ 2 (зима)
elapsed time: 2.821083 seconds (0d 0h 0m 2s)

