#
# A fatal error has been detected by the Java Runtime Environment:
#
#  EXCEPTION_ACCESS_VIOLATION (0xc0000005) at pc=0x000000006619ea0a, pid=13696, tid=0x000000000000378c
#
# JRE version: Java(TM) SE Runtime Environment (8.0_301-b09) (build 1.8.0_301-b09)
# Java VM: Java HotSpot(TM) 64-Bit Server VM (25.301-b09 mixed mode windows-amd64 compressed oops)
# Problematic frame:
# V  [jvm.dll+0x22ea0a]
#
# Failed to write core dump. Minidumps are not enabled by default on client versions of Windows
#
# If you would like to submit a bug report, please visit:
#   http://bugreport.java.com/bugreport/crash.jsp
#

---------------  T H R E A D  ---------------

Current thread (0x000001ea9f2d2800):  JavaThread "main" [_thread_in_vm, id=14220, stack(0x0000001bb1700000,0x0000001bb1800000)]

siginfo: ExceptionCode=0xc0000005, reading address 0x000001ea9b32ca80

Registers:
RAX=0x000001eab5033558, RBX=0x00000001000d3c28, RCX=0x000001ea9b32ca80, RDX=0x000001eab50347f8
RSP=0x0000001bb17fcad0, RBP=0x0000001bb17fcc00, RSI=0x0000000000000004, RDI=0x0000001bb17fd9c0
R8 =0x000000000000000a, R9 =0x000000000000000a, R10=0x000001ea9f2c5ea0, R11=0x000001eab5034628
R12=0x0000001bb17fd940, R13=0x000001ea9f2d2800, R14=0x0000000000000001, R15=0x0000000000000000
RIP=0x000000006619ea0a, EFLAGS=0x0000000000010202

Top of Stack: (sp=0x0000001bb17fcad0)
0x0000001bb17fcad0:   000001eab5034628 0000000000000020
0x0000001bb17fcae0:   00000000000000b0 0000000000000023
0x0000001bb17fcaf0:   0000001bb17fd9c0 0000000065ffe072
0x0000001bb17fcb00:   00000001000d3c28 0000000000000004
0x0000001bb17fcb10:   000001ea9f328720 0000000000000023
0x0000001bb17fcb20:   0000001bb17fcb50 000001ea9f2d2800
0x0000001bb17fcb30:   000001ea9f2d2800 0000001bb17fd2f8
0x0000001bb17fcb40:   0000001bb17fccc8 000001ea9f2d2800
0x0000001bb17fcb50:   0000000100000023 0000000100000000
0x0000001bb17fcb60:   0000000300000001 000001ea9f200c00
0x0000001bb17fcb70:   000001eab786a250 000001eab786a260
0x0000001bb17fcb80:   0000001bb17fd940 000001eab5033558
0x0000001bb17fcb90:   000001ea9f2d2800 0000000000000004
0x0000001bb17fcba0:   000001eab5036ef8 0000001bb5036f18
0x0000001bb17fcbb0:   00000000b4b607f8 00007ffca9e5b3c7
0x0000001bb17fcbc0:   000001eab4e2c830 000001ea00000000 

Instructions: (pc=0x000000006619ea0a)
0x000000006619e9ea:   9f c0 c3 cc cc cc 8b 41 10 83 e8 0c 83 f8 01 0f
0x000000006619e9fa:   96 c0 c3 cc cc cc 48 89 5c 24 08 57 48 83 ec 20
0x000000006619ea0a:   0f b7 19 4c 8d 59 08 4d 85 db 74 5c 48 83 fb 01
0x000000006619ea1a:   76 56 41 80 3b 28 75 50 41 ba 01 00 00 00 4c 3b 


Register to memory mapping:

RAX=0x000001eab5033558 is pointing into metadata
RBX=0x00000001000d3c28 is pointing into metadata
RCX=0x000001ea9b32ca80 is an unknown value
RDX={method} {0x000001eab5034800} 'hashCode' '
[error occurred during error reporting (printing register info), id 0xc0000005]

Stack: [0x0000001bb1700000,0x0000001bb1800000],  sp=0x0000001bb17fcad0,  free space=1010k
Native frames: (J=compiled Java code, j=interpreted, Vv=VM code, C=native code)
V  [jvm.dll+0x22ea0a]
V  [jvm.dll+0x8e072]
V  [jvm.dll+0x8a5f8]
V  [jvm.dll+0x1119c2]
V  [jvm.dll+0x110ada]
V  [jvm.dll+0x110a75]
V  [jvm.dll+0xbee3f]
C  0x000001eaa0d58486

Java frames: (J=compiled Java code, j=interpreted, Vv=VM code)
j  com.google.inject.internal.BindingBuilder.toInstance(Ljava/lang/Object;)V+61
j  org.codehaus.plexus.DefaultPlexusContainer$ContainerModule.configure(Lcom/google/inject/Binder;)V+15
j  com.google.inject.spi.Elements$RecordingBinder.install(Lcom/google/inject/Module;)V+161
j  com.google.inject.spi.Elements.getElements(Lcom/google/inject/Stage;Ljava/lang/Iterable;)Ljava/util/List;+40
j  com.google.inject.spi.Elements.getElements(Ljava/lang/Iterable;)Ljava/util/List;+4
j  org.eclipse.sisu.wire.WireModule.configure(Lcom/google/inject/Binder;)V+13
j  com.google.inject.spi.Elements$RecordingBinder.install(Lcom/google/inject/Module;)V+161
j  com.google.inject.spi.Elements.getElements(Lcom/google/inject/Stage;Ljava/lang/Iterable;)Ljava/util/List;+40
j  com.google.inject.internal.InjectorShell$Builder.build(Lcom/google/inject/internal/Initializer;Lcom/google/inject/internal/ProcessedBindingData;Lcom/google/inject/internal/util/Stopwatch;Lcom/google/inject/internal/Errors;)Ljava/util/List;+122
j  com.google.inject.internal.InternalInjectorCreator.build()Lcom/google/inject/Injector;+48
j  com.google.inject.Guice.createInjector(Lcom/google/inject/Stage;Ljava/lang/Iterable;)Lcom/google/inject/Injector;+15
j  com.google.inject.Guice.createInjector(Ljava/lang/Iterable;)Lcom/google/inject/Injector;+4
j  com.google.inject.Guice.createInjector([Lcom/google/inject/Module;)Lcom/google/inject/Injector;+4
j  org.codehaus.plexus.DefaultPlexusContainer.addPlexusInjector(Ljava/util/List;[Lcom/google/inject/Module;)Lcom/google/inject/Injector;+88
j  org.codehaus.plexus.DefaultPlexusContainer.<init>(Lorg/codehaus/plexus/ContainerConfiguration;[Lcom/google/inject/Module;)V+396
j  org.apache.maven.cli.MavenCli.container(Lorg/apache/maven/cli/CliRequest;)Lorg/codehaus/plexus/PlexusContainer;+275
j  org.apache.maven.cli.MavenCli.doMain(Lorg/apache/maven/cli/CliRequest;)I+29
j  org.apache.maven.cli.MavenCli.main([Ljava/lang/String;Lorg/codehaus/plexus/classworlds/ClassWorld;)I+24
v  ~StubRoutines::call_stub
j  sun.reflect.NativeMethodAccessorImpl.invoke0(Ljava/lang/reflect/Method;Ljava/lang/Object;[Ljava/lang/Object;)Ljava/lang/Object;+0
j  sun.reflect.NativeMethodAccessorImpl.invoke(Ljava/lang/Object;[Ljava/lang/Object;)Ljava/lang/Object;+100
j  sun.reflect.DelegatingMethodAccessorImpl.invoke(Ljava/lang/Object;[Ljava/lang/Object;)Ljava/lang/Object;+6
j  java.lang.reflect.Method.invoke(Ljava/lang/Object;[Ljava/lang/Object;)Ljava/lang/Object;+56
j  org.codehaus.plexus.classworlds.launcher.Launcher.launchEnhanced([Ljava/lang/String;)V+45
j  org.codehaus.plexus.classworlds.launcher.Launcher.launch([Ljava/lang/String;)V+2
j  org.codehaus.plexus.classworlds.launcher.Launcher.mainWithExitCode([Ljava/lang/String;)I+101
j  org.codehaus.plexus.classworlds.launcher.Launcher.main([Ljava/lang/String;)V+1
v  ~StubRoutines::call_stub

---------------  P R O C E S S  ---------------

Java Threads: ( => current thread )
  0x000001eab7320800 JavaThread "Service Thread" daemon [_thread_blocked, id=14132, stack(0x0000001bb2900000,0x0000001bb2a00000)]
  0x000001eab5f52800 JavaThread "C1 CompilerThread3" daemon [_thread_blocked, id=9308, stack(0x0000001bb2800000,0x0000001bb2900000)]
  0x000001eab5f55800 JavaThread "C2 CompilerThread2" daemon [_thread_blocked, id=13784, stack(0x0000001bb2700000,0x0000001bb2800000)]
  0x000001eab5f54800 JavaThread "C2 CompilerThread1" daemon [_thread_blocked, id=12600, stack(0x0000001bb2600000,0x0000001bb2700000)]
  0x000001eab5f4c000 JavaThread "C2 CompilerThread0" daemon [_thread_blocked, id=13408, stack(0x0000001bb2500000,0x0000001bb2600000)]
  0x000001eab5f4b000 JavaThread "Attach Listener" daemon [_thread_blocked, id=12508, stack(0x0000001bb2400000,0x0000001bb2500000)]
  0x000001eab5f49800 JavaThread "Signal Dispatcher" daemon [_thread_blocked, id=13552, stack(0x0000001bb2300000,0x0000001bb2400000)]
  0x000001eab5f28000 JavaThread "Finalizer" daemon [_thread_blocked, id=13828, stack(0x0000001bb2200000,0x0000001bb2300000)]
  0x000001eab5f19000 JavaThread "Reference Handler" daemon [_thread_blocked, id=13944, stack(0x0000001bb2100000,0x0000001bb2200000)]
=>0x000001ea9f2d2800 JavaThread "main" [_thread_in_vm, id=14220, stack(0x0000001bb1700000,0x0000001bb1800000)]

Other Threads:
  0x000001eab532e000 VMThread [stack: 0x0000001bb2000000,0x0000001bb2100000] [id=15152]
  0x000001eab7333800 WatcherThread [stack: 0x0000001bb2a00000,0x0000001bb2b00000] [id=13960]

VM state:not at safepoint (normal execution)

VM Mutex/Monitor currently owned by a thread: None

heap address: 0x0000000082800000, size: 2008 MB, Compressed Oops mode: 32-bit
Narrow klass base: 0x0000000000000000, Narrow klass shift: 3
Compressed class space size: 1073741824 Address: 0x0000000100000000

Heap:
 PSYoungGen      total 37888K, used 20385K [0x00000000d6300000, 0x00000000d8d00000, 0x0000000100000000)
  eden space 32768K, 62% used [0x00000000d6300000,0x00000000d76e85b0,0x00000000d8300000)
  from space 5120K, 0% used [0x00000000d8800000,0x00000000d8800000,0x00000000d8d00000)
  to   space 5120K, 0% used [0x00000000d8300000,0x00000000d8300000,0x00000000d8800000)
 ParOldGen       total 86016K, used 0K [0x0000000082800000, 0x0000000087c00000, 0x00000000d6300000)
  object space 86016K, 0% used [0x0000000082800000,0x0000000082800000,0x0000000087c00000)
 Metaspace       used 7567K, capacity 7708K, committed 7936K, reserved 1056768K
  class space    used 901K, capacity 952K, committed 1024K, reserved 1048576K

Card table byte_map: [0x000001eab00f0000,0x000001eab04e0000] byte_map_base: 0x000001eaafcdc000

Marking Bits: (ParMarkBitMap*) 0x0000000066757fe0
 Begin Bits: [0x000001eab0780000, 0x000001eab26e0000)
 End Bits:   [0x000001eab26e0000, 0x000001eab4640000)

Polling page: 0x000001ea9f4a0000

CodeCache: size=245760Kb used=2478Kb max_used=2493Kb free=243282Kb
 bounds [0x000001eaa0d30000, 0x000001eaa0fb0000, 0x000001eaafd30000]
 total_blobs=795 nmethods=494 adapters=214
 compilation: enabled

Compilation events (10 events):
Event: 0.637 Thread 0x000001eab5f52800 nmethod 488 0x000001eaa0f95950 code [0x000001eaa0f95c00, 0x000001eaa0f97260]
Event: 0.641 Thread 0x000001eab5f52800  490       3       java.util.TreeMap$PrivateEntryIterator::<init> (28 bytes)
Event: 0.641 Thread 0x000001eab5f52800 nmethod 490 0x000001eaa0f92f50 code [0x000001eaa0f930c0, 0x000001eaa0f932d8]
Event: 0.641 Thread 0x000001eab5f52800  492       3       java.lang.ClassLoader::preDefineClass (109 bytes)
Event: 0.643 Thread 0x000001eab5f52800 nmethod 492 0x000001eaa0f97bd0 code [0x000001eaa0f97e80, 0x000001eaa0f99390]
Event: 0.643 Thread 0x000001eab5f52800  491       3       java.util.TreeMap$PrivateEntryIterator::hasNext (13 bytes)
Event: 0.643 Thread 0x000001eab5f52800 nmethod 491 0x000001eaa0f929d0 code [0x000001eaa0f92b20, 0x000001eaa0f92cd8]
Event: 0.647 Thread 0x000001eab5f54800  493       4       sun.nio.cs.UTF_8$Decoder::decode (779 bytes)
Event: 0.655 Thread 0x000001eab5f52800  494       3       java.util.Arrays::copyOf (13 bytes)
Event: 0.655 Thread 0x000001eab5f52800 nmethod 494 0x000001eaa0f92510 code [0x000001eaa0f92680, 0x000001eaa0f92890]

GC Heap History (0 events):
No events

Deoptimization events (1 events):
Event: 0.450 Thread 0x000001ea9f2d2800 Uncommon trap: reason=unstable_if action=reinterpret pc=0x000001eaa0eb6bd8 method=java.lang.String.indexOf([CII[CIII)I @ 3

Classes redefined (0 events):
No events

Internal exceptions (7 events):
Event: 0.045 Thread 0x000001ea9f2d2800 Exception <a 'java/lang/NoSuchMethodError': Method sun.misc.Unsafe.defineClass(Ljava/lang/String;[BII)Ljava/lang/Class; name or signature does not match> (0x00000000d6307cc0) thrown at [C:\jenkins\workspace\8-2-build-windows-amd64-cygwin\jdk8u301\1513\hot
Event: 0.045 Thread 0x000001ea9f2d2800 Exception <a 'java/lang/NoSuchMethodError': Method sun.misc.Unsafe.prefetchRead(Ljava/lang/Object;J)V name or signature does not match> (0x00000000d6307fa8) thrown at [C:\jenkins\workspace\8-2-build-windows-amd64-cygwin\jdk8u301\1513\hotspot\src\share\vm\
Event: 0.246 Thread 0x000001ea9f2d2800 Exception <a 'java/security/PrivilegedActionException'> (0x00000000d67cd8d8) thrown at [C:\jenkins\workspace\8-2-build-windows-amd64-cygwin\jdk8u301\1513\hotspot\src\share\vm\prims\jvm.cpp, line 1523]
Event: 0.246 Thread 0x000001ea9f2d2800 Exception <a 'java/security/PrivilegedActionException'> (0x00000000d67cdae8) thrown at [C:\jenkins\workspace\8-2-build-windows-amd64-cygwin\jdk8u301\1513\hotspot\src\share\vm\prims\jvm.cpp, line 1523]
Event: 0.247 Thread 0x000001ea9f2d2800 Exception <a 'java/security/PrivilegedActionException'> (0x00000000d67d1be0) thrown at [C:\jenkins\workspace\8-2-build-windows-amd64-cygwin\jdk8u301\1513\hotspot\src\share\vm\prims\jvm.cpp, line 1523]
Event: 0.247 Thread 0x000001ea9f2d2800 Exception <a 'java/security/PrivilegedActionException'> (0x00000000d67d1df0) thrown at [C:\jenkins\workspace\8-2-build-windows-amd64-cygwin\jdk8u301\1513\hotspot\src\share\vm\prims\jvm.cpp, line 1523]
Event: 0.655 Thread 0x000001ea9f2d2800 Exception <a 'java/lang/ArrayIndexOutOfBoundsException'> (0x00000000d76b4ad0) thrown at [C:\jenkins\workspace\8-2-build-windows-amd64-cygwin\jdk8u301\1513\hotspot\src\share\vm\runtime\sharedRuntime.cpp, line 609]

Events (10 events):
Event: 0.656 loading class javax/inject/Inject
Event: 0.656 loading class javax/inject/Inject done
Event: 0.656 loading class com/google/inject/Inject
Event: 0.656 loading class com/google/inject/Inject done
Event: 0.657 loading class com/google/common/collect/ComparisonChain
Event: 0.657 loading class com/google/common/collect/ComparisonChain done
Event: 0.657 loading class com/google/common/collect/ComparisonChain$1
Event: 0.657 loading class com/google/common/collect/ComparisonChain$1 done
Event: 0.657 loading class com/google/common/collect/ComparisonChain$InactiveComparisonChain
Event: 0.657 loading class com/google/common/collect/ComparisonChain$InactiveComparisonChain done


Dynamic libraries:
0x00007ff6a3420000 - 0x00007ff6a3467000 	C:\Program Files\Java\jdk1.8.0_301\bin\java.exe
0x00007ffca9e30000 - 0x00007ffcaa025000 	C:\Windows\SYSTEM32\ntdll.dll
0x00007ffca8070000 - 0x00007ffca812d000 	C:\Windows\System32\KERNEL32.DLL
0x00007ffca75d0000 - 0x00007ffca7898000 	C:\Windows\System32\KERNELBASE.dll
0x00007ffca9a40000 - 0x00007ffca9aec000 	C:\Windows\System32\ADVAPI32.dll
0x00007ffca8ff0000 - 0x00007ffca908e000 	C:\Windows\System32\msvcrt.dll
0x00007ffca94f0000 - 0x00007ffca958b000 	C:\Windows\System32\sechost.dll
0x00007ffca8a50000 - 0x00007ffca8b7b000 	C:\Windows\System32\RPCRT4.dll
0x00007ffca7ed0000 - 0x00007ffca8070000 	C:\Windows\System32\USER32.dll
0x00007ffca7c70000 - 0x00007ffca7c92000 	C:\Windows\System32\win32u.dll
0x00007ffca7ea0000 - 0x00007ffca7eca000 	C:\Windows\System32\GDI32.dll
0x00007ffca7cf0000 - 0x00007ffca7dfb000 	C:\Windows\System32\gdi32full.dll
0x00007ffca7e00000 - 0x00007ffca7e9d000 	C:\Windows\System32\msvcp_win.dll
0x00007ffca78a0000 - 0x00007ffca79a0000 	C:\Windows\System32\ucrtbase.dll
0x00007ffca6960000 - 0x00007ffca6bfa000 	C:\Windows\WinSxS\amd64_microsoft.windows.common-controls_6595b64144ccf1df_6.0.19041.1052_none_60b8f8fd71f5e8cb\COMCTL32.dll
0x00007ffca88f0000 - 0x00007ffca8920000 	C:\Windows\System32\IMM32.DLL
0x00007ffca2480000 - 0x00007ffca2495000 	C:\Program Files\Java\jdk1.8.0_301\jre\bin\vcruntime140.dll
0x00007ffc8c4e0000 - 0x00007ffc8c57b000 	C:\Program Files\Java\jdk1.8.0_301\jre\bin\msvcp140.dll
0x0000000065f70000 - 0x00000000667d0000 	C:\Program Files\Java\jdk1.8.0_301\jre\bin\server\jvm.dll
0x00007ffca9430000 - 0x00007ffca9438000 	C:\Windows\System32\PSAPI.DLL
0x00007ffc8c020000 - 0x00007ffc8c029000 	C:\Windows\SYSTEM32\WSOCK32.dll
0x00007ffc8edd0000 - 0x00007ffc8edf7000 	C:\Windows\SYSTEM32\WINMM.dll
0x00007ffc97880000 - 0x00007ffc9788a000 	C:\Windows\SYSTEM32\VERSION.dll
0x00007ffca9bc0000 - 0x00007ffca9c2b000 	C:\Windows\System32\WS2_32.dll
0x00007ffca46f0000 - 0x00007ffca4702000 	C:\Windows\SYSTEM32\kernel.appcore.dll
0x00007ffca5510000 - 0x00007ffca5520000 	C:\Program Files\Java\jdk1.8.0_301\jre\bin\verify.dll
0x00007ffca23a0000 - 0x00007ffca23cb000 	C:\Program Files\Java\jdk1.8.0_301\jre\bin\java.dll
0x00007ffca2460000 - 0x00007ffca2478000 	C:\Program Files\Java\jdk1.8.0_301\jre\bin\zip.dll
0x00007ffca8130000 - 0x00007ffca886f000 	C:\Windows\System32\SHELL32.dll
0x00007ffca48f0000 - 0x00007ffca5080000 	C:\Windows\SYSTEM32\windows.storage.dll
0x00007ffca9590000 - 0x00007ffca98e5000 	C:\Windows\System32\combase.dll
0x00007ffca68f0000 - 0x00007ffca691c000 	C:\Windows\SYSTEM32\Wldp.dll
0x00007ffca9380000 - 0x00007ffca942e000 	C:\Windows\System32\SHCORE.dll
0x00007ffca99e0000 - 0x00007ffca9a35000 	C:\Windows\System32\shlwapi.dll
0x00007ffca74b0000 - 0x00007ffca74cf000 	C:\Windows\SYSTEM32\profapi.dll
0x00007ffca2390000 - 0x00007ffca239a000 	C:\Users\Fess\IdeaProjects\apache-maven-3.8.1\lib\jansi-native\windows64\jansi.dll
0x00007ffca6fa0000 - 0x00007ffca7184000 	C:\Windows\SYSTEM32\dbghelp.dll
0x00007ffca7b00000 - 0x00007ffca7b83000 	C:\Windows\System32\bcryptPrimitives.dll

VM Arguments:
jvm_args: -Dclassworlds.conf=C:\Users\Fess\IdeaProjects\apache-maven-3.8.1\bin\..\bin\m2.conf -Dmaven.home=C:\Users\Fess\IdeaProjects\apache-maven-3.8.1\bin\.. -Dlibrary.jansi.path=C:\Users\Fess\IdeaProjects\apache-maven-3.8.1\bin\..\lib\jansi-native -Dmaven.multiModuleProjectDirectory=C:\Users\Fess\IdeaProjects\LastProject 
java_command: org.codehaus.plexus.classworlds.launcher.Launcher allure:serve
java_class_path (initial): C:\Users\Fess\IdeaProjects\apache-maven-3.8.1\bin\..\boot\plexus-classworlds-2.6.0.jar
Launcher Type: SUN_STANDARD

Environment Variables:
JAVA_HOME=C:\Program Files\Java\jdk1.8.0_301
PATH=C:\Program Files\Common Files\Oracle\Java\javapath;C:\PROGRAM FILES\BROADCOM\BROADCOM 802.11 NETWORK ADAPTER;C:\PROGRAM FILES (X86)\NVIDIA CORPORATION\PHYSX\COMMON;C:\PROGRAM FILES (X86)\INTEL\ICLS CLIENT\;C:\PROGRAM FILES\INTEL\ICLS CLIENT\;C:\Windows\SYSTEM32;C:\Windows;C:\Windows\SYSTEM32\WBEM;C:\Windows\SYSTEM32\WINDOWSPOWERSHELL\V1.0\;C:\Windows\SYSTEM32\OPENSSH\;C:\PROGRAM FILES\GIT\CMD;C:\PROGRAM FILES\INTEL\INTEL(R) MANAGEMENT ENGINE COMPONENTS\DAL;C:\PROGRAM FILES\INTEL\INTEL(R) MANAGEMENT ENGINE COMPONENTS\IPT;C:\PROGRAM FILES (X86)\INTEL\INTEL(R) MANAGEMENT ENGINE COMPONENTS\DAL;C:\PROGRAM FILES (X86)\INTEL\INTEL(R) MANAGEMENT ENGINE COMPONENTS\IPT;C:\Program Files\Java\jdk1.8.0_301\bin;C:\Users\Fess\IdeaProjects\apache-maven-3.8.1\bin;C:\Program Files\MySQL\MySQL Shell 8.0\bin\;C:\Users\Fess\AppData\Local\Microsoft\WindowsApps;C:\Users\Fess\IdeaProjects\allure-2.14.0\bin;%MAVEN_HOME$;C:\Program Files\Java\jdk1.8.0_301\bin;;C:\Program Files\JetBrains\IntelliJ IDEA Community Edition 2020.3.1\bin;
USERNAME=Fess
OS=Windows_NT
PROCESSOR_IDENTIFIER=Intel64 Family 6 Model 58 Stepping 9, GenuineIntel



---------------  S Y S T E M  ---------------

OS: Windows 10.0 , 64 bit Build 19041 (10.0.19041.1023)

CPU:total 8 (initial active 8) (4 cores per cpu, 2 threads per core) family 6 model 58 stepping 9, cmov, cx8, fxsr, mmx, sse, sse2, sse3, ssse3, sse4.1, sse4.2, popcnt, avx, aes, clmul, erms, ht, tsc, tscinvbit, tscinv

Memory: 4k page, physical 8223080k(1869084k free), swap 12417384k(3635984k free)

vm_info: Java HotSpot(TM) 64-Bit Server VM (25.301-b09) for windows-amd64 JRE (1.8.0_301-b09), built on Jun  9 2021 06:46:21 by "java_re" with MS VC++ 15.9 (VS2017)

time: Fri Sep 17 20:01:41 2021
timezone: RTZ 2 (зима)
elapsed time: 0.683507 seconds (0d 0h 0m 0s)

